Sjasm Z80 Assembler v0.42c - www.xl2s.tk             [2020.12.08 - 07:53:05]

src/world0.asm
Errors: 0

       1   00:0000                              output "world0.bin"
       2   00:D000                      
       3   00:D000  FE                      db   #fe               ; ID archivo binario, siempre hay que poner el mismo 0FEh
       4   00:D001  00 D0                   dw   INICIO            ; dirección de inicio
       5   00:D003  60 D9                   dw   FINAL - 1         ; dirección final
       6   00:D005  00 D0                   dw   INICIO             ; dircción del programa de ejecución (para cuando pongas r en bload"nombre_programa", r)
       7   00:D007                      
       8   00:D007                          org #d000 ; o 57344, org se utiliza para decirle al z80 en que posición de memoria RAM empieza nuestro programa en ensamblador
       9   00:D000                      
      10   00:D000                      INICIO:
      11   00:D000  C9                      ret ; el ret es necesario para que vuelva al basic
      12   00:D001                      level1:
      13   00:D001                          db 0,0,0,0,0,0,0,0,0,0,0,0,0,0,0,0,0,0,0,0,0,0,0,0,0,0,0,0,0,0,0,0,0,0,0,0,0,0,0,0,0,0,0,0,0,0,0,0,0,0,0,0,0,0,0,0,0,0,0,0,0,0,0,0,0,0,0,0,0,0,0,0,0,0,0,0,0,0,0,0,0,0,0,0,0,0,0,0,0,0,0,0,0,0,0,0,0,0,0,0
      13   00:D001  00 00 00 00 00 00 00 00 00 00 00 00 00 00 00 00 
      13   00:D011  00 00 00 00 00 00 00 00 00 00 00 00 00 00 00 00 
      13   00:D021  00 00 00 00 00 00 00 00 00 00 00 00 00 00 00 00 
      13   00:D031  00 00 00 00 00 00 00 00 00 00 00 00 00 00 00 00 
      13   00:D041  00 00 00 00 00 00 00 00 00 00 00 00 00 00 00 00 
      13   00:D051  00 00 00 00 00 00 00 00 00 00 00 00 00 00 00 00 
      13   00:D061  00 00 00 00 
      14   00:D065                          db 0,0,0,0,0,0,0,0,0,0,0,0,0,0,0,0,0,0,0,0,0,0,0,0,0,0,0,0,0,0,0,0,0,0,0,0,0,0,0,0,0,0,0,0,0,0,0,0,0,0,0,0,0,0,0,0,0,0,0,0,0,0,0,0,0,0,0,0,0,0,0,0,0,0,0,0,0,0,0,0,0,0,0,0,0,0,0,0,0,0,0,0,0,0,0,0,0,0,0,0
      14   00:D065  00 00 00 00 00 00 00 00 00 00 00 00 00 00 00 00 
      14   00:D075  00 00 00 00 00 00 00 00 00 00 00 00 00 00 00 00 
      14   00:D085  00 00 00 00 00 00 00 00 00 00 00 00 00 00 00 00 
      14   00:D095  00 00 00 00 00 00 00 00 00 00 00 00 00 00 00 00 
      14   00:D0A5  00 00 00 00 00 00 00 00 00 00 00 00 00 00 00 00 
      14   00:D0B5  00 00 00 00 00 00 00 00 00 00 00 00 00 00 00 00 
      14   00:D0C5  00 00 00 00 
      15   00:D0C9                          db 0,0,0,0,0,0,0,0,0,0,0,0,0,0,0,0,0,0,0,0,0,0,0,0,0,0,0,0,0,0,0,0,0,0,0,0,0,0,0,0,0,0,0,0,0,0,0,0,0,0,0,0,0,0,0,0,0,0,0,0,0,0,0,0,0,0,0,0,0,0,0,0,0,0,0,0,0,0,0,0,0,0,0,0,0,0,0,0,0,0,0,0,0,0,0,0,0,0,0,0
      15   00:D0C9  00 00 00 00 00 00 00 00 00 00 00 00 00 00 00 00 
      15   00:D0D9  00 00 00 00 00 00 00 00 00 00 00 00 00 00 00 00 
      15   00:D0E9  00 00 00 00 00 00 00 00 00 00 00 00 00 00 00 00 
      15   00:D0F9  00 00 00 00 00 00 00 00 00 00 00 00 00 00 00 00 
      15   00:D109  00 00 00 00 00 00 00 00 00 00 00 00 00 00 00 00 
      15   00:D119  00 00 00 00 00 00 00 00 00 00 00 00 00 00 00 00 
      15   00:D129  00 00 00 00 
      16   00:D12D                          db 0,0,0,0,0,0,0,0,0,0,0,0,0,0,0,0,0,0,0,0,0,0,0,0,0,0,0,0,0,0,0,0,0,0,0,0,0,0,0,0,0,0,0,0,0,0,0,0,0,0,0,0,0,0,0,0,0,0,0,0,0,0,0,0,0,0,0,0,0,0,0,0,0,0,0,0,0,0,0,0,0,0,0,0,0,0,0,0,0,0,0,0,0,0,0,0,0,0,0,0
      16   00:D12D  00 00 00 00 00 00 00 00 00 00 00 00 00 00 00 00 
      16   00:D13D  00 00 00 00 00 00 00 00 00 00 00 00 00 00 00 00 
      16   00:D14D  00 00 00 00 00 00 00 00 00 00 00 00 00 00 00 00 
      16   00:D15D  00 00 00 00 00 00 00 00 00 00 00 00 00 00 00 00 
      16   00:D16D  00 00 00 00 00 00 00 00 00 00 00 00 00 00 00 00 
      16   00:D17D  00 00 00 00 00 00 00 00 00 00 00 00 00 00 00 00 
      16   00:D18D  00 00 00 00 
      17   00:D191                          db 144,144,144,144,144,144,144,144,144,144,144,144,144,144,144,144,144,144,144,144,144,144,144,144,144,144,144,144,144,144,144,144,144,144,144,144,144,144,144,144,144,144,144,144,144,144,144,144,144,144,144,144,144,144,144,144,144,144,144,144,144,144,144,144,144,144,144,144,144,144,144,144,144,144,144,144,144,144,144,144,144,144,144,144,144,144,144,144,144,144,144,144,144,150,152,154,144,144,144,144
      17   00:D191  90 90 90 90 90 90 90 90 90 90 90 90 90 90 90 90 
      17   00:D1A1  90 90 90 90 90 90 90 90 90 90 90 90 90 90 90 90 
      17   00:D1B1  90 90 90 90 90 90 90 90 90 90 90 90 90 90 90 90 
      17   00:D1C1  90 90 90 90 90 90 90 90 90 90 90 90 90 90 90 90 
      17   00:D1D1  90 90 90 90 90 90 90 90 90 90 90 90 90 90 90 90 
      17   00:D1E1  90 90 90 90 90 90 90 90 90 90 90 90 90 96 98 9A 
      17   00:D1F1  90 90 90 90 
      18   00:D1F5                          db 144,144,144,144,144,144,144,144,144,144,144,144,144,144,144,144,148,150,152,154,144,144,144,144,144,144,144,144,144,144,144,144,144,144,144,144,144,144,144,144,144,148,150,152,144,144,144,144,144,144,144,144,144,144,144,144,144,144,144,144,144,144,150,152,154,144,144,144,144,144,144,144,144,144,144,144,144,144,144,144,144,144,144,144,144,144,144,144,144,144,144,144,144,149,151,153,144,144,144,144
      18   00:D1F5  90 90 90 90 90 90 90 90 90 90 90 90 90 90 90 90 
      18   00:D205  94 96 98 9A 90 90 90 90 90 90 90 90 90 90 90 90 
      18   00:D215  90 90 90 90 90 90 90 90 90 94 96 98 90 90 90 90 
      18   00:D225  90 90 90 90 90 90 90 90 90 90 90 90 90 90 96 98 
      18   00:D235  9A 90 90 90 90 90 90 90 90 90 90 90 90 90 90 90 
      18   00:D245  90 90 90 90 90 90 90 90 90 90 90 90 90 95 97 99 
      18   00:D255  90 90 90 90 
      19   00:D259                          db 144,144,144,144,144,144,144,144,144,144,144,144,144,144,144,144,149,151,153,155,144,144,144,144,144,144,144,144,144,144,144,144,144,144,144,144,144,144,144,144,144,151,153,155,144,144,144,144,144,144,144,144,144,144,144,144,144,144,144,144,144,144,151,153,155,144,144,144,144,144,144,144,144,144,144,144,144,144,144,144,144,144,144,144,144,144,144,144,144,144,144,144,144,144,144,144,144,144,144,144
      19   00:D259  90 90 90 90 90 90 90 90 90 90 90 90 90 90 90 90 
      19   00:D269  95 97 99 9B 90 90 90 90 90 90 90 90 90 90 90 90 
      19   00:D279  90 90 90 90 90 90 90 90 90 97 99 9B 90 90 90 90 
      19   00:D289  90 90 90 90 90 90 90 90 90 90 90 90 90 90 97 99 
      19   00:D299  9B 90 90 90 90 90 90 90 90 90 90 90 90 90 90 90 
      19   00:D2A9  90 90 90 90 90 90 90 90 90 90 90 90 90 90 90 90 
      19   00:D2B9  90 90 90 90 
      20   00:D2BD                          db 144,144,144,144,144,144,144,144,144,144,144,144,144,144,144,144,144,144,144,144,144,144,144,144,144,144,144,144,144,144,144,144,144,144,144,144,144,144,144,144,144,144,144,144,144,144,144,144,144,144,144,144,144,144,144,144,144,144,144,144,144,144,144,144,144,144,144,144,144,144,144,144,144,144,144,144,144,144,144,144,144,144,144,144,144,144,144,144,144,144,144,144,144,144,144,144,144,144,144,144
      20   00:D2BD  90 90 90 90 90 90 90 90 90 90 90 90 90 90 90 90 
      20   00:D2CD  90 90 90 90 90 90 90 90 90 90 90 90 90 90 90 90 
      20   00:D2DD  90 90 90 90 90 90 90 90 90 90 90 90 90 90 90 90 
      20   00:D2ED  90 90 90 90 90 90 90 90 90 90 90 90 90 90 90 90 
      20   00:D2FD  90 90 90 90 90 90 90 90 90 90 90 90 90 90 90 90 
      20   00:D30D  90 90 90 90 90 90 90 90 90 90 90 90 90 90 90 90 
      20   00:D31D  90 90 90 90 
      21   00:D321                          db 140,140,140,140,140,140,140,140,140,140,140,140,140,140,140,140,140,140,140,140,140,140,140,140,140,140,140,140,140,140,140,140,140,140,140,140,140,140,140,140,140,140,140,140,140,140,140,140,140,140,140,140,140,140,140,140,140,140,140,140,140,140,140,140,140,140,140,140,140,140,140,140,140,140,140,140,140,140,140,140,140,140,140,140,140,140,140,140,140,140,140,140,140,140,140,140,140,140,140,140
      21   00:D321  8C 8C 8C 8C 8C 8C 8C 8C 8C 8C 8C 8C 8C 8C 8C 8C 
      21   00:D331  8C 8C 8C 8C 8C 8C 8C 8C 8C 8C 8C 8C 8C 8C 8C 8C 
      21   00:D341  8C 8C 8C 8C 8C 8C 8C 8C 8C 8C 8C 8C 8C 8C 8C 8C 
      21   00:D351  8C 8C 8C 8C 8C 8C 8C 8C 8C 8C 8C 8C 8C 8C 8C 8C 
      21   00:D361  8C 8C 8C 8C 8C 8C 8C 8C 8C 8C 8C 8C 8C 8C 8C 8C 
      21   00:D371  8C 8C 8C 8C 8C 8C 8C 8C 8C 8C 8C 8C 8C 8C 8C 8C 
      21   00:D381  8C 8C 8C 8C 
      22   00:D385                          db 0,0,0,0,0,0,0,0,0,0,0,0,0,0,0,0,0,0,0,0,0,0,0,0,0,0,0,0,0,0,0,0,0,0,143,141,143,141,143,141,143,141,141,143,141,143,141,143,141,141,141,141,141,141,141,141,141,141,141,141,141,141,141,141,141,141,141,141,141,141,141,141,141,141,141,141,141,141,141,143,143,141,141,143,143,141,143,141,141,143,143,143,141,143,141,143,141,141,143,143
      22   00:D385  00 00 00 00 00 00 00 00 00 00 00 00 00 00 00 00 
      22   00:D395  00 00 00 00 00 00 00 00 00 00 00 00 00 00 00 00 
      22   00:D3A5  00 00 8F 8D 8F 8D 8F 8D 8F 8D 8D 8F 8D 8F 8D 8F 
      22   00:D3B5  8D 8D 8D 8D 8D 8D 8D 8D 8D 8D 8D 8D 8D 8D 8D 8D 
      22   00:D3C5  8D 8D 8D 8D 8D 8D 8D 8D 8D 8D 8D 8D 8D 8D 8D 8F 
      22   00:D3D5  8F 8D 8D 8F 8F 8D 8F 8D 8D 8F 8F 8F 8D 8F 8D 8F 
      22   00:D3E5  8D 8D 8F 8F 
      23   00:D3E9                          db 0,0,0,0,0,0,0,0,0,0,0,0,0,0,0,0,0,0,0,0,0,0,0,0,0,0,0,0,0,0,0,0,0,0,0,0,0,0,0,0,0,0,0,0,0,0,0,0,0,0,0,0,0,0,0,0,0,0,0,0,0,0,0,0,0,0,0,0,0,6,0,0,0,0,0,0,0,0,0,0,0,0,0,0,6,6,0,0,0,0,0,0,0,0,0,0,0,0,0,0
      23   00:D3E9  00 00 00 00 00 00 00 00 00 00 00 00 00 00 00 00 
      23   00:D3F9  00 00 00 00 00 00 00 00 00 00 00 00 00 00 00 00 
      23   00:D409  00 00 00 00 00 00 00 00 00 00 00 00 00 00 00 00 
      23   00:D419  00 00 00 00 00 00 00 00 00 00 00 00 00 00 00 00 
      23   00:D429  00 00 00 00 00 06 00 00 00 00 00 00 00 00 00 00 
      23   00:D439  00 00 00 00 06 06 00 00 00 00 00 00 00 00 00 00 
      23   00:D449  00 00 00 00 
      24   00:D44D                          db 0,0,0,0,0,0,0,0,0,0,0,0,0,0,0,0,0,0,0,0,0,0,0,0,0,0,0,0,0,0,0,0,0,122,124,0,0,0,0,0,0,0,0,0,0,0,0,0,0,0,0,0,0,0,0,0,0,0,0,0,0,0,0,0,0,0,0,0,0,0,0,0,0,0,0,0,0,0,0,0,0,0,0,0,0,0,0,0,0,0,0,0,0,0,0,0,0,0,0,0
      24   00:D44D  00 00 00 00 00 00 00 00 00 00 00 00 00 00 00 00 
      24   00:D45D  00 00 00 00 00 00 00 00 00 00 00 00 00 00 00 00 
      24   00:D46D  00 7A 7C 00 00 00 00 00 00 00 00 00 00 00 00 00 
      24   00:D47D  00 00 00 00 00 00 00 00 00 00 00 00 00 00 00 00 
      24   00:D48D  00 00 00 00 00 00 00 00 00 00 00 00 00 00 00 00 
      24   00:D49D  00 00 00 00 00 00 00 00 00 00 00 00 00 00 00 00 
      24   00:D4AD  00 00 00 00 
      25   00:D4B1                          db 0,0,0,0,0,0,0,0,0,0,0,0,0,0,0,0,0,0,0,0,0,0,0,0,0,0,0,0,0,0,0,120,121,125,129,128,0,0,0,0,0,0,0,0,0,0,0,0,0,0,0,0,0,0,0,0,0,0,0,0,0,0,0,0,0,0,0,0,0,0,0,0,0,0,0,0,0,0,0,0,0,0,0,0,0,120,121,128,124,126,128,0,0,0,0,0,0,0,0,0
      25   00:D4B1  00 00 00 00 00 00 00 00 00 00 00 00 00 00 00 00 
      25   00:D4C1  00 00 00 00 00 00 00 00 00 00 00 00 00 00 00 78 
      25   00:D4D1  79 7D 81 80 00 00 00 00 00 00 00 00 00 00 00 00 
      25   00:D4E1  00 00 00 00 00 00 00 00 00 00 00 00 00 00 00 00 
      25   00:D4F1  00 00 00 00 00 00 00 00 00 00 00 00 00 00 00 00 
      25   00:D501  00 00 00 00 00 78 79 80 7C 7E 80 00 00 00 00 00 
      25   00:D511  00 00 00 00 
      26   00:D515                          db 0,0,0,0,0,0,0,0,0,0,0,0,0,0,0,0,0,0,0,0,0,0,0,0,0,0,0,0,0,0,0,0,127,123,125,129,0,0,0,0,0,0,0,0,0,0,0,0,0,0,0,0,0,0,0,0,0,0,0,0,0,0,0,0,0,0,0,0,0,0,0,0,0,0,0,0,0,0,0,0,0,0,0,0,0,132,127,129,127,137,135,0,0,0,0,0,0,0,0,0
      26   00:D515  00 00 00 00 00 00 00 00 00 00 00 00 00 00 00 00 
      26   00:D525  00 00 00 00 00 00 00 00 00 00 00 00 00 00 00 00 
      26   00:D535  7F 7B 7D 81 00 00 00 00 00 00 00 00 00 00 00 00 
      26   00:D545  00 00 00 00 00 00 00 00 00 00 00 00 00 00 00 00 
      26   00:D555  00 00 00 00 00 00 00 00 00 00 00 00 00 00 00 00 
      26   00:D565  00 00 00 00 00 84 7F 81 7F 89 87 00 00 00 00 00 
      26   00:D575  00 00 00 00 
      27   00:D579                          db 0,0,0,0,0,0,0,0,0,0,0,0,0,0,0,0,0,0,0,0,0,0,0,0,0,0,0,0,0,0,0,0,0,0,0,0,0,0,0,0,0,0,0,0,0,0,0,0,0,0,0,0,0,0,0,0,0,0,0,0,0,0,0,0,0,0,0,0,0,0,0,0,0,0,0,0,0,0,0,0,0,0,0,0,0,0,0,0,0,0,0,0,0,0,0,0,0,0,0,0
      27   00:D579  00 00 00 00 00 00 00 00 00 00 00 00 00 00 00 00 
      27   00:D589  00 00 00 00 00 00 00 00 00 00 00 00 00 00 00 00 
      27   00:D599  00 00 00 00 00 00 00 00 00 00 00 00 00 00 00 00 
      27   00:D5A9  00 00 00 00 00 00 00 00 00 00 00 00 00 00 00 00 
      27   00:D5B9  00 00 00 00 00 00 00 00 00 00 00 00 00 00 00 00 
      27   00:D5C9  00 00 00 00 00 00 00 00 00 00 00 00 00 00 00 00 
      27   00:D5D9  00 00 00 00 
      28   00:D5DD                          db 0,0,0,0,0,0,0,0,0,0,0,0,0,0,0,0,0,0,0,0,0,0,0,0,0,0,0,0,0,0,0,0,0,0,0,0,0,0,0,0,0,0,0,0,0,0,0,0,0,0,0,0,0,0,0,0,0,0,0,0,0,0,0,0,0,0,0,0,0,0,0,0,0,0,0,0,0,0,0,0,0,0,0,0,0,0,0,0,0,0,0,0,0,0,0,0,0,0,0,0
      28   00:D5DD  00 00 00 00 00 00 00 00 00 00 00 00 00 00 00 00 
      28   00:D5ED  00 00 00 00 00 00 00 00 00 00 00 00 00 00 00 00 
      28   00:D5FD  00 00 00 00 00 00 00 00 00 00 00 00 00 00 00 00 
      28   00:D60D  00 00 00 00 00 00 00 00 00 00 00 00 00 00 00 00 
      28   00:D61D  00 00 00 00 00 00 00 00 00 00 00 00 00 00 00 00 
      28   00:D62D  00 00 00 00 00 00 00 00 00 00 00 00 00 00 00 00 
      28   00:D63D  00 00 00 00 
      29   00:D641                          db 0,0,0,0,0,0,0,0,0,0,0,0,0,0,0,0,0,0,0,0,0,0,0,0,0,0,0,0,0,0,0,0,0,0,0,0,0,0,0,0,0,0,0,0,0,0,0,0,0,0,0,0,0,0,0,0,0,0,0,0,0,0,0,0,0,0,0,0,0,0,0,0,0,0,0,0,0,0,0,0,0,0,0,0,0,0,0,0,0,0,0,0,0,0,0,0,0,0,0,0
      29   00:D641  00 00 00 00 00 00 00 00 00 00 00 00 00 00 00 00 
      29   00:D651  00 00 00 00 00 00 00 00 00 00 00 00 00 00 00 00 
      29   00:D661  00 00 00 00 00 00 00 00 00 00 00 00 00 00 00 00 
      29   00:D671  00 00 00 00 00 00 00 00 00 00 00 00 00 00 00 00 
      29   00:D681  00 00 00 00 00 00 00 00 00 00 00 00 00 00 00 00 
      29   00:D691  00 00 00 00 00 00 00 00 00 00 00 00 00 00 00 00 
      29   00:D6A1  00 00 00 00 
      30   00:D6A5                          db 0,0,0,0,0,0,0,0,0,0,0,0,0,0,0,0,0,0,0,0,0,0,0,0,0,0,0,0,0,0,0,0,0,0,0,0,0,0,0,0,0,0,0,0,0,0,0,0,0,0,0,0,0,0,0,0,0,0,0,0,0,0,0,0,0,0,0,0,0,0,0,0,0,0,0,0,0,0,0,0,0,0,0,0,0,0,0,0,0,0,0,0,0,0,0,0,0,0,0,0
      30   00:D6A5  00 00 00 00 00 00 00 00 00 00 00 00 00 00 00 00 
      30   00:D6B5  00 00 00 00 00 00 00 00 00 00 00 00 00 00 00 00 
      30   00:D6C5  00 00 00 00 00 00 00 00 00 00 00 00 00 00 00 00 
      30   00:D6D5  00 00 00 00 00 00 00 00 00 00 00 00 00 00 00 00 
      30   00:D6E5  00 00 00 00 00 00 00 00 00 00 00 00 00 00 00 00 
      30   00:D6F5  00 00 00 00 00 00 00 00 00 00 00 00 00 00 00 00 
      30   00:D705  00 00 00 00 
      31   00:D709                          db 0,0,0,0,0,0,0,0,0,0,0,0,0,0,0,0,0,0,0,0,0,0,0,0,0,0,0,0,0,0,0,0,0,0,0,0,0,0,0,0,0,0,0,0,0,0,0,0,0,0,0,0,0,0,0,0,0,0,0,0,0,0,0,0,0,0,0,0,0,0,0,0,0,0,0,0,0,0,0,0,0,0,0,0,0,0,0,0,0,0,0,0,0,0,0,0,0,0,0,0
      31   00:D709  00 00 00 00 00 00 00 00 00 00 00 00 00 00 00 00 
      31   00:D719  00 00 00 00 00 00 00 00 00 00 00 00 00 00 00 00 
      31   00:D729  00 00 00 00 00 00 00 00 00 00 00 00 00 00 00 00 
      31   00:D739  00 00 00 00 00 00 00 00 00 00 00 00 00 00 00 00 
      31   00:D749  00 00 00 00 00 00 00 00 00 00 00 00 00 00 00 00 
      31   00:D759  00 00 00 00 00 00 00 00 00 00 00 00 00 00 00 00 
      31   00:D769  00 00 00 00 
      32   00:D76D                          db 0,0,0,0,0,0,0,0,0,0,0,0,0,0,0,0,0,0,0,0,0,0,0,0,0,0,0,0,0,0,0,0,0,0,0,0,0,0,0,0,0,0,0,0,0,0,0,0,0,0,0,0,0,0,0,0,0,0,0,0,0,0,0,0,0,0,0,0,0,0,0,0,0,0,0,0,0,0,0,0,0,0,0,0,0,0,0,0,0,0,0,0,0,0,0,0,0,0,0,0
      32   00:D76D  00 00 00 00 00 00 00 00 00 00 00 00 00 00 00 00 
      32   00:D77D  00 00 00 00 00 00 00 00 00 00 00 00 00 00 00 00 
      32   00:D78D  00 00 00 00 00 00 00 00 00 00 00 00 00 00 00 00 
      32   00:D79D  00 00 00 00 00 00 00 00 00 00 00 00 00 00 00 00 
      32   00:D7AD  00 00 00 00 00 00 00 00 00 00 00 00 00 00 00 00 
      32   00:D7BD  00 00 00 00 00 00 00 00 00 00 00 00 00 00 00 00 
      32   00:D7CD  00 00 00 00 
      33   00:D7D1                          db 0,0,0,0,0,0,0,0,0,0,0,0,0,0,0,0,100,97,96,98,0,0,212,214,0,0,0,0,108,110,112,114,0,0,0,0,0,0,0,0,0,0,0,0,0,0,0,0,0,0,0,0,0,0,0,0,0,0,0,0,0,0,0,0,0,212,214,0,0,0,0,0,0,0,0,0,0,0,0,96,97,98,0,0,0,0,0,0,0,0,0,0,0,0,0,0,0,0,0,0
      33   00:D7D1  00 00 00 00 00 00 00 00 00 00 00 00 00 00 00 00 
      33   00:D7E1  64 61 60 62 00 00 D4 D6 00 00 00 00 6C 6E 70 72 
      33   00:D7F1  00 00 00 00 00 00 00 00 00 00 00 00 00 00 00 00 
      33   00:D801  00 00 00 00 00 00 00 00 00 00 00 00 00 00 00 00 
      33   00:D811  00 D4 D6 00 00 00 00 00 00 00 00 00 00 00 00 60 
      33   00:D821  61 62 00 00 00 00 00 00 00 00 00 00 00 00 00 00 
      33   00:D831  00 00 00 00 
      34   00:D835                          db 0,0,0,0,0,0,0,0,0,0,0,0,0,0,0,0,97,99,99,99,0,0,213,215,0,0,0,0,109,111,113,115,0,0,0,0,0,0,0,0,0,0,0,0,0,0,0,0,0,0,0,0,0,0,0,0,0,0,0,0,0,0,0,0,0,213,215,0,0,0,0,0,0,0,0,0,0,0,0,97,99,99,0,0,0,0,0,0,0,0,0,0,0,0,0,0,0,0,0,0
      34   00:D835  00 00 00 00 00 00 00 00 00 00 00 00 00 00 00 00 
      34   00:D845  61 63 63 63 00 00 D5 D7 00 00 00 00 6D 6F 71 73 
      34   00:D855  00 00 00 00 00 00 00 00 00 00 00 00 00 00 00 00 
      34   00:D865  00 00 00 00 00 00 00 00 00 00 00 00 00 00 00 00 
      34   00:D875  00 D5 D7 00 00 00 00 00 00 00 00 00 00 00 00 61 
      34   00:D885  63 63 00 00 00 00 00 00 00 00 00 00 00 00 00 00 
      34   00:D895  00 00 00 00 
      35   00:D899                          db 80,82,80,82,80,82,80,82,80,82,80,82,80,82,80,82,80,82,80,82,80,82,80,82,80,82,80,82,80,82,80,82,80,82,80,82,80,82,80,82,80,82,80,82,80,82,80,82,80,82,80,82,80,82,80,82,80,82,80,82,80,82,80,82,80,82,80,82,80,82,82,82,80,82,80,82,80,82,80,82,80,82,80,82,80,82,80,82,80,82,80,82,80,82,80,82,80,82,80,82
      35   00:D899  50 52 50 52 50 52 50 52 50 52 50 52 50 52 50 52 
      35   00:D8A9  50 52 50 52 50 52 50 52 50 52 50 52 50 52 50 52 
      35   00:D8B9  50 52 50 52 50 52 50 52 50 52 50 52 50 52 50 52 
      35   00:D8C9  50 52 50 52 50 52 50 52 50 52 50 52 50 52 50 52 
      35   00:D8D9  50 52 50 52 50 52 52 52 50 52 50 52 50 52 50 52 
      35   00:D8E9  50 52 50 52 50 52 50 52 50 52 50 52 50 52 50 52 
      35   00:D8F9  50 52 50 52 
      36   00:D8FD                          db 81,83,81,83,81,83,81,83,81,83,81,83,81,83,81,83,81,83,81,83,81,83,81,83,81,83,81,83,81,83,81,83,81,83,81,83,81,83,81,83,81,83,81,83,81,83,81,83,81,83,81,83,81,83,81,83,81,83,81,81,81,83,81,83,83,83,81,83,81,83,81,83,81,83,81,83,81,83,81,83,81,83,81,83,81,83,81,83,81,83,81,83,81,83,81,83,81,83,81,83
      36   00:D8FD  51 53 51 53 51 53 51 53 51 53 51 53 51 53 51 53 
      36   00:D90D  51 53 51 53 51 53 51 53 51 53 51 53 51 53 51 53 
      36   00:D91D  51 53 51 53 51 53 51 53 51 53 51 53 51 53 51 53 
      36   00:D92D  51 53 51 53 51 53 51 53 51 53 51 51 51 53 51 53 
      36   00:D93D  53 53 51 53 51 53 51 53 51 53 51 53 51 53 51 53 
      36   00:D94D  51 53 51 53 51 53 51 53 51 53 51 53 51 53 51 53 
      36   00:D95D  51 53 51 53 
      37   00:D961                      
      38   00:D961                      
      39   00:D961                      FINAL:

    LABELS
-------------------------------------------------
00:0000D000   INICIO
00:0000D001 X level1
00:0000D961   FINAL


 Output: src/world0.out
-------------------------------------------------

 Page: 00
  Org: 0000D000  Size: *  Used: 00000000

    No output

 Output: world0.bin
-------------------------------------------------

 Page: 00
  Org: 0000D000  Size: *  Used: 00000968

   Address   Length Align   Label
   0000D000    2408         INICIO
