Sjasm Z80 Assembler v0.42c - www.xl2s.tk             [2021.01.23 - 21:01:38]

src/world0.asm
Errors: 0

       1   00:0000                              output "world0.bin"
       2   00:C000                      
       3   00:C000  FE                      db   #fe               ; ID archivo binario, siempre hay que poner el mismo 0FEh
       4   00:C001  00 C0                   dw   INICIO            ; dirección de inicio
       5   00:C003  F8 D1                   dw   FINAL - 1         ; dirección final
       6   00:C005  00 C0                   dw   INICIO             ; dircción del programa de ejecución (para cuando pongas r en bload"nombre_programa", r)
       7   00:C007                      
       8   00:C007                          org #c000 ; o 57344, org se utiliza para decirle al z80 en que posición de memoria RAM empieza nuestro programa en ensamblador
       9   00:C000                      
      10   00:C000                      INICIO:
      11   00:C000  C9                      ret ; el ret es necesario para que vuelva al basic
      12   00:C001                      level1:
      13   00:C001                      
      14   00:C001                          db 64,64,64,64,64,64,64,64,64,64,64,64,64,64,64,64,64,64,64,64,64,64,64,64,64,64,64,64,80,64,64,64,64,64,64,64,64,64,64,64,64,64,64,64,64,64,64,64,64,64,64,64,64,64,64,64,64,64,64,64,64,64,64,64,64,64,64,64,64,64,64,64,64,64,64,64,64,64,64,64,64,64,64,64,64,64,64,64,64,64,64,64,64,64,64,64,64,64,64,64,64,64,64,64,64,64,64,64,64,64,64,64,64,64,64,64,64,64,64,64,64,64,64,64,64,64,64,64,64,64,64,64,64,64,64,64,64,64,64,64,64,64,64,64,64,64,64,64,64,64,64,64,64,64,64,64,64,64,64,64,64,64,64,64,64,64,64,64,64,64,64,64,64,64,64,64,64,64,64,64,64,64,64,64,64,64,64,64,64,64,64,64,64,64,64,64,64,64,64,64
      14   00:C001  40 40 40 40 40 40 40 40 40 40 40 40 40 40 40 40 
      14   00:C011  40 40 40 40 40 40 40 40 40 40 40 40 50 40 40 40 
      14   00:C021  40 40 40 40 40 40 40 40 40 40 40 40 40 40 40 40 
      14   00:C031  40 40 40 40 40 40 40 40 40 40 40 40 40 40 40 40 
      14   00:C041  40 40 40 40 40 40 40 40 40 40 40 40 40 40 40 40 
      14   00:C051  40 40 40 40 40 40 40 40 40 40 40 40 40 40 40 40 
      14   00:C061  40 40 40 40 40 40 40 40 40 40 40 40 40 40 40 40 
      14   00:C071  40 40 40 40 40 40 40 40 40 40 40 40 40 40 40 40 
      14   00:C081  40 40 40 40 40 40 40 40 40 40 40 40 40 40 40 40 
      14   00:C091  40 40 40 40 40 40 40 40 40 40 40 40 40 40 40 40 
      14   00:C0A1  40 40 40 40 40 40 40 40 40 40 40 40 40 40 40 40 
      14   00:C0B1  40 40 40 40 40 40 40 40 40 40 40 40 40 40 40 40 
      14   00:C0C1  40 40 40 40 40 40 40 40 
      15   00:C0C9                          db 64,64,64,64,64,64,64,64,64,64,64,64,64,64,64,64,64,64,64,64,64,64,64,64,64,64,64,64,64,64,64,64,64,64,64,64,64,64,64,64,64,64,64,64,64,64,64,64,64,64,64,64,64,64,64,64,64,64,64,64,64,64,64,64,64,64,64,64,64,64,64,64,64,64,64,64,64,64,64,64,64,64,64,64,64,64,64,64,64,64,64,64,64,64,64,64,64,64,64,64,64,64,64,64,64,64,64,64,64,64,64,64,64,64,64,64,128,98,98,98,98,64,64,64,64,64,64,64,64,64,64,64,64,64,64,64,64,64,64,64,64,64,64,64,64,64,64,64,64,64,64,64,64,64,64,64,64,64,64,64,64,64,64,64,64,64,64,64,64,64,64,64,64,64,64,64,64,64,64,64,64,64,64,64,64,64,64,64,64,64,64,64,64,64,64,64,64,64,64,64
      15   00:C0C9  40 40 40 40 40 40 40 40 40 40 40 40 40 40 40 40 
      15   00:C0D9  40 40 40 40 40 40 40 40 40 40 40 40 40 40 40 40 
      15   00:C0E9  40 40 40 40 40 40 40 40 40 40 40 40 40 40 40 40 
      15   00:C0F9  40 40 40 40 40 40 40 40 40 40 40 40 40 40 40 40 
      15   00:C109  40 40 40 40 40 40 40 40 40 40 40 40 40 40 40 40 
      15   00:C119  40 40 40 40 40 40 40 40 40 40 40 40 40 40 40 40 
      15   00:C129  40 40 40 40 40 40 40 40 40 40 40 40 40 40 40 40 
      15   00:C139  40 40 40 40 80 62 62 62 62 40 40 40 40 40 40 40 
      15   00:C149  40 40 40 40 40 40 40 40 40 40 40 40 40 40 40 40 
      15   00:C159  40 40 40 40 40 40 40 40 40 40 40 40 40 40 40 40 
      15   00:C169  40 40 40 40 40 40 40 40 40 40 40 40 40 40 40 40 
      15   00:C179  40 40 40 40 40 40 40 40 40 40 40 40 40 40 40 40 
      15   00:C189  40 40 40 40 40 40 40 40 
      16   00:C191                          db 64,64,64,64,64,64,64,64,64,64,64,64,64,64,64,64,64,64,64,64,64,64,64,64,64,64,64,64,64,64,64,64,64,64,64,64,64,64,64,64,64,64,64,64,64,64,64,64,64,64,64,64,64,64,64,64,64,64,64,64,64,64,64,64,64,64,64,64,64,64,64,97,97,97,98,99,64,64,64,64,64,64,64,64,64,64,64,64,64,64,64,64,64,64,97,98,98,98,98,98,64,64,64,64,64,64,64,64,64,64,64,64,97,98,98,98,102,102,102,102,102,99,64,64,64,64,97,98,98,99,64,64,97,98,98,99,64,64,64,64,64,64,64,64,64,64,64,64,64,64,64,64,64,64,64,97,102,102,102,64,64,64,64,64,64,64,64,64,64,64,64,64,64,64,64,64,64,64,64,64,64,64,64,64,64,64,64,64,64,64,64,64,64,64,64,64,64,64,64,64
      16   00:C191  40 40 40 40 40 40 40 40 40 40 40 40 40 40 40 40 
      16   00:C1A1  40 40 40 40 40 40 40 40 40 40 40 40 40 40 40 40 
      16   00:C1B1  40 40 40 40 40 40 40 40 40 40 40 40 40 40 40 40 
      16   00:C1C1  40 40 40 40 40 40 40 40 40 40 40 40 40 40 40 40 
      16   00:C1D1  40 40 40 40 40 40 40 61 61 61 62 63 40 40 40 40 
      16   00:C1E1  40 40 40 40 40 40 40 40 40 40 40 40 40 40 61 62 
      16   00:C1F1  62 62 62 62 40 40 40 40 40 40 40 40 40 40 40 40 
      16   00:C201  61 62 62 62 66 66 66 66 66 63 40 40 40 40 61 62 
      16   00:C211  62 63 40 40 61 62 62 63 40 40 40 40 40 40 40 40 
      16   00:C221  40 40 40 40 40 40 40 40 40 40 40 61 66 66 66 40 
      16   00:C231  40 40 40 40 40 40 40 40 40 40 40 40 40 40 40 40 
      16   00:C241  40 40 40 40 40 40 40 40 40 40 40 40 40 40 40 40 
      16   00:C251  40 40 40 40 40 40 40 40 
      17   00:C259                          db 64,64,64,64,64,64,64,64,64,64,64,64,64,64,64,64,64,64,64,64,64,64,64,64,64,64,64,64,64,64,64,64,64,64,64,64,64,64,64,64,64,64,64,64,64,64,64,64,64,64,64,64,64,64,64,64,64,64,64,64,64,64,64,64,64,64,64,64,64,64,128,102,102,102,102,102,132,64,64,64,64,64,64,64,64,64,64,64,64,64,64,64,64,128,102,102,102,102,102,102,131,64,64,64,64,64,64,64,64,64,64,128,102,102,102,102,102,102,102,102,102,102,99,64,64,97,102,102,102,102,99,97,102,102,102,131,132,64,64,64,64,64,64,64,64,64,64,64,64,64,64,64,64,64,97,102,102,102,102,102,102,64,64,64,64,64,64,64,64,64,64,64,64,64,64,64,64,64,64,64,64,64,64,64,64,64,64,64,102,102,102,102,64,64,64,64,64,64,64,64
      17   00:C259  40 40 40 40 40 40 40 40 40 40 40 40 40 40 40 40 
      17   00:C269  40 40 40 40 40 40 40 40 40 40 40 40 40 40 40 40 
      17   00:C279  40 40 40 40 40 40 40 40 40 40 40 40 40 40 40 40 
      17   00:C289  40 40 40 40 40 40 40 40 40 40 40 40 40 40 40 40 
      17   00:C299  40 40 40 40 40 40 80 66 66 66 66 66 84 40 40 40 
      17   00:C2A9  40 40 40 40 40 40 40 40 40 40 40 40 40 80 66 66 
      17   00:C2B9  66 66 66 66 83 40 40 40 40 40 40 40 40 40 40 80 
      17   00:C2C9  66 66 66 66 66 66 66 66 66 66 63 40 40 61 66 66 
      17   00:C2D9  66 66 63 61 66 66 66 83 84 40 40 40 40 40 40 40 
      17   00:C2E9  40 40 40 40 40 40 40 40 40 40 61 66 66 66 66 66 
      17   00:C2F9  66 40 40 40 40 40 40 40 40 40 40 40 40 40 40 40 
      17   00:C309  40 40 40 40 40 40 40 40 40 40 40 40 66 66 66 66 
      17   00:C319  40 40 40 40 40 40 40 40 
      18   00:C321                          db 64,64,64,64,64,64,64,64,64,64,64,64,64,64,64,64,64,64,64,64,64,64,64,64,64,64,64,64,64,64,64,64,64,64,64,64,64,64,64,64,64,64,64,64,64,64,64,64,64,64,64,64,64,64,64,64,64,64,64,64,64,64,64,64,64,64,64,64,64,128,102,102,102,102,102,102,102,132,64,64,64,64,64,64,64,64,64,64,64,64,64,64,128,102,102,102,102,102,102,102,102,131,64,64,64,64,64,64,64,64,128,102,102,102,102,102,102,102,102,102,102,102,102,99,97,102,102,102,102,102,102,102,102,102,102,102,131,132,64,64,64,64,64,64,64,64,64,64,64,64,64,64,64,97,102,102,102,102,102,102,102,102,102,64,64,64,64,64,64,64,64,64,64,64,64,64,64,64,64,64,64,64,64,64,102,102,102,102,102,102,102,102,102,64,64,64,64,64,64,64
      18   00:C321  40 40 40 40 40 40 40 40 40 40 40 40 40 40 40 40 
      18   00:C331  40 40 40 40 40 40 40 40 40 40 40 40 40 40 40 40 
      18   00:C341  40 40 40 40 40 40 40 40 40 40 40 40 40 40 40 40 
      18   00:C351  40 40 40 40 40 40 40 40 40 40 40 40 40 40 40 40 
      18   00:C361  40 40 40 40 40 80 66 66 66 66 66 66 66 84 40 40 
      18   00:C371  40 40 40 40 40 40 40 40 40 40 40 40 80 66 66 66 
      18   00:C381  66 66 66 66 66 83 40 40 40 40 40 40 40 40 80 66 
      18   00:C391  66 66 66 66 66 66 66 66 66 66 66 63 61 66 66 66 
      18   00:C3A1  66 66 66 66 66 66 66 66 83 84 40 40 40 40 40 40 
      18   00:C3B1  40 40 40 40 40 40 40 40 40 61 66 66 66 66 66 66 
      18   00:C3C1  66 66 66 40 40 40 40 40 40 40 40 40 40 40 40 40 
      18   00:C3D1  40 40 40 40 40 40 40 40 66 66 66 66 66 66 66 66 
      18   00:C3E1  66 40 40 40 40 40 40 40 
      19   00:C3E9                          db 64,64,64,64,64,64,64,64,64,64,64,64,64,64,64,64,64,64,64,64,64,64,64,64,64,64,96,97,98,98,99,64,64,64,64,64,64,64,64,64,64,64,64,64,64,64,64,64,64,64,64,64,64,64,64,64,64,64,64,64,64,64,64,64,64,64,64,64,128,102,102,102,102,102,102,102,102,102,64,64,64,64,64,64,64,64,64,64,64,64,64,128,102,102,102,102,102,102,102,102,102,102,131,64,64,64,64,64,64,128,102,102,102,102,102,102,102,102,102,102,102,102,102,102,102,102,102,102,102,102,102,102,102,102,102,102,102,102,132,64,64,64,64,64,64,64,64,64,64,64,64,64,97,102,102,102,102,102,102,102,102,102,102,102,64,64,64,64,64,64,64,64,64,64,64,64,64,64,64,64,102,102,102,102,102,102,102,102,102,102,102,102,102,102,64,64,64,64,64,64
      19   00:C3E9  40 40 40 40 40 40 40 40 40 40 40 40 40 40 40 40 
      19   00:C3F9  40 40 40 40 40 40 40 40 40 40 60 61 62 62 63 40 
      19   00:C409  40 40 40 40 40 40 40 40 40 40 40 40 40 40 40 40 
      19   00:C419  40 40 40 40 40 40 40 40 40 40 40 40 40 40 40 40 
      19   00:C429  40 40 40 40 80 66 66 66 66 66 66 66 66 66 40 40 
      19   00:C439  40 40 40 40 40 40 40 40 40 40 40 80 66 66 66 66 
      19   00:C449  66 66 66 66 66 66 83 40 40 40 40 40 40 80 66 66 
      19   00:C459  66 66 66 66 66 66 66 66 66 66 66 66 66 66 66 66 
      19   00:C469  66 66 66 66 66 66 66 66 66 66 84 40 40 40 40 40 
      19   00:C479  40 40 40 40 40 40 40 40 61 66 66 66 66 66 66 66 
      19   00:C489  66 66 66 66 40 40 40 40 40 40 40 40 40 40 40 40 
      19   00:C499  40 40 40 40 66 66 66 66 66 66 66 66 66 66 66 66 
      19   00:C4A9  66 66 40 40 40 40 40 40 
      20   00:C4B1                          db 64,64,64,64,64,64,128,98,99,64,64,64,64,96,97,98,99,100,64,64,64,64,64,64,64,96,128,129,102,102,102,99,64,100,64,64,64,64,64,64,64,64,64,64,64,96,97,98,98,98,98,98,98,98,98,99,64,64,64,64,64,64,64,64,64,64,64,128,102,102,102,102,102,102,102,102,102,102,132,64,64,64,64,64,64,64,64,64,64,97,102,102,102,102,102,102,102,102,102,102,102,102,102,131,64,64,64,64,128,102,102,102,102,102,102,102,102,102,102,102,102,102,102,102,102,102,102,102,102,102,102,102,102,102,102,102,102,102,102,132,64,64,64,64,64,64,64,64,97,98,98,98,102,102,102,102,102,102,102,102,102,102,102,102,102,64,64,64,64,64,64,64,64,64,64,64,64,64,102,102,102,102,102,102,102,102,102,102,102,102,102,102,102,102,102,64,64,64,64,64
      20   00:C4B1  40 40 40 40 40 40 80 62 63 40 40 40 40 60 61 62 
      20   00:C4C1  63 64 40 40 40 40 40 40 40 60 80 81 66 66 66 63 
      20   00:C4D1  40 64 40 40 40 40 40 40 40 40 40 40 40 60 61 62 
      20   00:C4E1  62 62 62 62 62 62 62 63 40 40 40 40 40 40 40 40 
      20   00:C4F1  40 40 40 80 66 66 66 66 66 66 66 66 66 66 84 40 
      20   00:C501  40 40 40 40 40 40 40 40 40 61 66 66 66 66 66 66 
      20   00:C511  66 66 66 66 66 66 66 83 40 40 40 40 80 66 66 66 
      20   00:C521  66 66 66 66 66 66 66 66 66 66 66 66 66 66 66 66 
      20   00:C531  66 66 66 66 66 66 66 66 66 66 66 84 40 40 40 40 
      20   00:C541  40 40 40 40 61 62 62 62 66 66 66 66 66 66 66 66 
      20   00:C551  66 66 66 66 66 40 40 40 40 40 40 40 40 40 40 40 
      20   00:C561  40 40 66 66 66 66 66 66 66 66 66 66 66 66 66 66 
      20   00:C571  66 66 66 40 40 40 40 40 
      21   00:C579                          db 64,64,64,96,96,128,129,130,131,64,64,96,96,97,129,102,131,99,100,64,64,64,64,64,96,128,129,129,102,102,102,131,131,99,100,64,64,64,64,64,64,64,64,64,64,128,129,102,102,102,102,102,102,102,102,102,99,64,64,64,64,64,64,64,64,64,128,102,102,102,102,102,102,102,102,102,102,102,102,132,64,64,64,64,64,64,64,64,128,102,102,102,102,102,102,102,102,102,102,102,102,102,102,102,131,64,64,128,102,102,102,102,102,102,102,102,102,102,102,102,102,102,102,102,102,102,102,102,102,102,102,102,102,102,102,102,102,102,102,102,132,64,64,64,64,64,64,128,102,102,102,102,102,102,102,102,102,102,102,102,102,102,102,102,102,102,102,64,64,64,64,64,64,64,64,64,102,102,102,102,102,102,102,102,102,102,102,102,102,102,102,102,102,102,102,102,102,64,64,64
      21   00:C579  40 40 40 60 60 80 81 82 83 40 40 60 60 61 81 66 
      21   00:C589  83 63 64 40 40 40 40 40 60 80 81 81 66 66 66 83 
      21   00:C599  83 63 64 40 40 40 40 40 40 40 40 40 40 80 81 66 
      21   00:C5A9  66 66 66 66 66 66 66 66 63 40 40 40 40 40 40 40 
      21   00:C5B9  40 40 80 66 66 66 66 66 66 66 66 66 66 66 66 84 
      21   00:C5C9  40 40 40 40 40 40 40 40 80 66 66 66 66 66 66 66 
      21   00:C5D9  66 66 66 66 66 66 66 66 83 40 40 80 66 66 66 66 
      21   00:C5E9  66 66 66 66 66 66 66 66 66 66 66 66 66 66 66 66 
      21   00:C5F9  66 66 66 66 66 66 66 66 66 66 66 66 84 40 40 40 
      21   00:C609  40 40 40 80 66 66 66 66 66 66 66 66 66 66 66 66 
      21   00:C619  66 66 66 66 66 66 66 40 40 40 40 40 40 40 40 40 
      21   00:C629  66 66 66 66 66 66 66 66 66 66 66 66 66 66 66 66 
      21   00:C639  66 66 66 66 66 40 40 40 
      22   00:C641                          db 64,64,64,96,128,129,102,102,102,131,132,96,97,129,102,102,102,131,99,100,64,64,64,96,128,129,102,102,102,102,102,102,102,131,99,100,64,64,64,64,64,64,64,64,128,129,129,102,102,102,102,102,102,102,102,102,131,99,64,64,64,64,64,64,64,128,102,102,102,102,102,102,102,102,102,102,102,102,102,102,132,64,64,64,64,64,64,128,102,102,102,102,102,102,102,102,102,102,102,102,102,102,102,102,102,131,128,102,102,102,102,102,102,102,102,102,102,102,102,102,102,102,102,102,102,102,102,102,102,102,102,102,102,102,102,102,102,102,102,102,102,132,64,64,64,64,128,102,102,102,102,102,102,102,102,102,102,102,102,102,102,102,102,102,102,102,102,102,64,64,64,64,64,64,102,102,102,102,102,102,102,102,102,102,102,102,102,102,102,102,102,102,102,102,102,102,102,102,102,64
      22   00:C641  40 40 40 60 80 81 66 66 66 83 84 60 61 81 66 66 
      22   00:C651  66 83 63 64 40 40 40 60 80 81 66 66 66 66 66 66 
      22   00:C661  66 83 63 64 40 40 40 40 40 40 40 40 80 81 81 66 
      22   00:C671  66 66 66 66 66 66 66 66 83 63 40 40 40 40 40 40 
      22   00:C681  40 80 66 66 66 66 66 66 66 66 66 66 66 66 66 66 
      22   00:C691  84 40 40 40 40 40 40 80 66 66 66 66 66 66 66 66 
      22   00:C6A1  66 66 66 66 66 66 66 66 66 83 80 66 66 66 66 66 
      22   00:C6B1  66 66 66 66 66 66 66 66 66 66 66 66 66 66 66 66 
      22   00:C6C1  66 66 66 66 66 66 66 66 66 66 66 66 66 84 40 40 
      22   00:C6D1  40 40 80 66 66 66 66 66 66 66 66 66 66 66 66 66 
      22   00:C6E1  66 66 66 66 66 66 66 66 40 40 40 40 40 40 66 66 
      22   00:C6F1  66 66 66 66 66 66 66 66 66 66 66 66 66 66 66 66 
      22   00:C701  66 66 66 66 66 66 66 40 
      23   00:C709                          db 64,96,96,128,129,102,102,102,102,102,102,132,129,129,102,102,102,102,131,132,64,100,96,128,129,102,102,102,102,102,102,102,102,102,131,132,64,64,64,64,64,64,64,128,129,102,102,102,102,102,102,102,102,102,102,102,102,102,132,64,64,64,64,64,128,102,102,102,102,102,102,102,102,102,102,102,102,102,102,102,102,102,132,64,64,64,128,102,102,102,102,102,102,102,102,102,102,102,102,102,102,102,102,102,102,102,102,102,102,102,102,102,102,102,102,102,102,102,102,102,102,102,102,102,102,102,102,102,102,102,102,102,102,102,102,102,102,102,102,102,102,102,132,64,64,128,102,102,102,102,102,102,102,102,102,102,102,102,102,102,102,102,102,102,102,102,102,102,102,102,102,102,102,102,102,102,102,102,102,102,102,102,102,102,102,102,102,102,102,102,102,102,102,102,102,102,102,102,102,102
      23   00:C709  40 60 60 80 81 66 66 66 66 66 66 84 81 81 66 66 
      23   00:C719  66 66 83 84 40 64 60 80 81 66 66 66 66 66 66 66 
      23   00:C729  66 66 83 84 40 40 40 40 40 40 40 80 81 66 66 66 
      23   00:C739  66 66 66 66 66 66 66 66 66 66 84 40 40 40 40 40 
      23   00:C749  80 66 66 66 66 66 66 66 66 66 66 66 66 66 66 66 
      23   00:C759  66 66 84 40 40 40 80 66 66 66 66 66 66 66 66 66 
      23   00:C769  66 66 66 66 66 66 66 66 66 66 66 66 66 66 66 66 
      23   00:C779  66 66 66 66 66 66 66 66 66 66 66 66 66 66 66 66 
      23   00:C789  66 66 66 66 66 66 66 66 66 66 66 66 66 66 84 40 
      23   00:C799  40 80 66 66 66 66 66 66 66 66 66 66 66 66 66 66 
      23   00:C7A9  66 66 66 66 66 66 66 66 66 66 66 66 66 66 66 66 
      23   00:C7B9  66 66 66 66 66 66 66 66 66 66 66 66 66 66 66 66 
      23   00:C7C9  66 66 66 66 66 66 66 66 
      24   00:C7D1                          db 64,128,102,102,102,102,102,102,102,102,102,130,130,102,102,102,102,102,102,102,131,132,128,129,102,102,102,102,102,102,102,102,102,102,102,102,102,102,102,64,128,129,102,102,102,102,102,102,102,102,102,102,102,102,102,102,102,102,102,132,64,64,64,128,102,102,102,102,102,102,102,102,102,102,102,102,102,102,102,102,102,102,102,132,64,128,102,102,102,102,102,102,102,102,102,102,102,102,102,102,102,102,102,102,102,102,102,102,102,102,102,102,102,102,102,102,102,102,102,102,102,102,102,102,102,102,102,102,102,102,102,102,102,102,102,102,102,102,102,102,102,102,102,132,128,102,102,102,102,102,102,102,102,102,102,102,102,102,102,102,102,102,102,102,102,102,102,102,102,102,102,102,102,102,102,102,102,102,102,102,102,102,102,102,102,102,102,102,102,102,102,102,102,102,102,102,102,102,102,102
      24   00:C7D1  40 80 66 66 66 66 66 66 66 66 66 82 82 66 66 66 
      24   00:C7E1  66 66 66 66 83 84 80 81 66 66 66 66 66 66 66 66 
      24   00:C7F1  66 66 66 66 66 66 66 40 80 81 66 66 66 66 66 66 
      24   00:C801  66 66 66 66 66 66 66 66 66 66 66 84 40 40 40 80 
      24   00:C811  66 66 66 66 66 66 66 66 66 66 66 66 66 66 66 66 
      24   00:C821  66 66 66 84 40 80 66 66 66 66 66 66 66 66 66 66 
      24   00:C831  66 66 66 66 66 66 66 66 66 66 66 66 66 66 66 66 
      24   00:C841  66 66 66 66 66 66 66 66 66 66 66 66 66 66 66 66 
      24   00:C851  66 66 66 66 66 66 66 66 66 66 66 66 66 66 66 84 
      24   00:C861  80 66 66 66 66 66 66 66 66 66 66 66 66 66 66 66 
      24   00:C871  66 66 66 66 66 66 66 66 66 66 66 66 66 66 66 66 
      24   00:C881  66 66 66 66 66 66 66 66 66 66 66 66 66 66 66 66 
      24   00:C891  66 66 66 66 66 66 66 66 
      25   00:C899                          db 128,129,102,102,102,102,102,102,102,102,102,102,102,102,102,102,102,102,102,102,102,102,102,102,102,102,102,102,102,102,102,102,102,102,102,102,102,102,102,102,102,102,102,102,102,102,102,102,102,102,102,102,102,102,102,102,102,102,102,102,102,102,102,102,102,102,102,102,102,102,102,102,102,102,102,102,102,102,102,102,102,102,102,102,102,102,102,102,102,102,102,102,102,102,102,102,102,102,102,102,102,102,102,102,102,102,102,102,102,102,102,102,102,102,102,102,102,102,102,102,102,102,102,102,102,102,102,102,102,102,102,102,102,102,102,102,102,102,102,102,102,102,102,102,102,102,102,102,102,102,102,102,102,102,102,102,102,102,102,102,102,102,102,102,102,102,102,102,102,102,102,102,102,102,102,102,102,102,102,102,102,102,102,102,102,102,102,102,102,102,102,102,102,102,102,102,102,102,102,102
      25   00:C899  80 81 66 66 66 66 66 66 66 66 66 66 66 66 66 66 
      25   00:C8A9  66 66 66 66 66 66 66 66 66 66 66 66 66 66 66 66 
      25   00:C8B9  66 66 66 66 66 66 66 66 66 66 66 66 66 66 66 66 
      25   00:C8C9  66 66 66 66 66 66 66 66 66 66 66 66 66 66 66 66 
      25   00:C8D9  66 66 66 66 66 66 66 66 66 66 66 66 66 66 66 66 
      25   00:C8E9  66 66 66 66 66 66 66 66 66 66 66 66 66 66 66 66 
      25   00:C8F9  66 66 66 66 66 66 66 66 66 66 66 66 66 66 66 66 
      25   00:C909  66 66 66 66 66 66 66 66 66 66 66 66 66 66 66 66 
      25   00:C919  66 66 66 66 66 66 66 66 66 66 66 66 66 66 66 66 
      25   00:C929  66 66 66 66 66 66 66 66 66 66 66 66 66 66 66 66 
      25   00:C939  66 66 66 66 66 66 66 66 66 66 66 66 66 66 66 66 
      25   00:C949  66 66 66 66 66 66 66 66 66 66 66 66 66 66 66 66 
      25   00:C959  66 66 66 66 66 66 66 66 
      26   00:C961                          db 80,80,80,80,80,113,114,80,80,80,80,80,80,80,113,114,80,80,80,80,80,80,80,80,80,80,80,80,80,80,80,80,80,80,113,114,80,80,80,80,80,80,80,80,80,80,80,80,80,80,80,80,80,80,80,80,80,113,114,80,80,80,80,80,80,80,80,80,80,109,110,80,80,80,80,80,80,80,80,80,80,80,80,80,80,80,80,80,80,80,80,80,80,80,80,80,80,80,80,80,80,80,80,80,80,80,80,80,80,80,80,80,80,80,80,80,80,80,80,80,80,80,80,80,80,80,80,80,80,80,80,80,80,80,80,80,80,80,80,80,80,80,80,80,80,80,80,80,80,80,80,80,80,80,80,80,80,80,80,80,80,80,80,80,80,80,80,80,80,80,80,80,80,80,80,80,80,80,80,80,80,80,80,80,80,80,80,80,80,80,80,80,80,80,80,80,80,80,80,80
      26   00:C961  50 50 50 50 50 71 72 50 50 50 50 50 50 50 71 72 
      26   00:C971  50 50 50 50 50 50 50 50 50 50 50 50 50 50 50 50 
      26   00:C981  50 50 71 72 50 50 50 50 50 50 50 50 50 50 50 50 
      26   00:C991  50 50 50 50 50 50 50 50 50 71 72 50 50 50 50 50 
      26   00:C9A1  50 50 50 50 50 6D 6E 50 50 50 50 50 50 50 50 50 
      26   00:C9B1  50 50 50 50 50 50 50 50 50 50 50 50 50 50 50 50 
      26   00:C9C1  50 50 50 50 50 50 50 50 50 50 50 50 50 50 50 50 
      26   00:C9D1  50 50 50 50 50 50 50 50 50 50 50 50 50 50 50 50 
      26   00:C9E1  50 50 50 50 50 50 50 50 50 50 50 50 50 50 50 50 
      26   00:C9F1  50 50 50 50 50 50 50 50 50 50 50 50 50 50 50 50 
      26   00:CA01  50 50 50 50 50 50 50 50 50 50 50 50 50 50 50 50 
      26   00:CA11  50 50 50 50 50 50 50 50 50 50 50 50 50 50 50 50 
      26   00:CA21  50 50 50 50 50 50 50 50 
      27   00:CA29                          db 80,80,80,80,80,80,80,80,80,80,80,80,80,80,80,80,80,80,80,80,80,80,113,114,80,80,80,80,80,80,71,72,80,80,80,80,80,80,80,73,74,75,80,80,80,113,114,80,80,80,80,80,80,80,80,80,80,80,80,80,80,80,80,80,80,80,80,80,80,80,80,80,80,80,80,113,114,80,80,80,80,80,113,114,80,80,80,80,80,80,80,80,80,80,80,80,80,80,80,113,114,80,80,80,80,80,113,114,80,80,80,80,80,109,110,80,80,80,80,80,80,80,80,80,80,113,114,80,80,80,109,110,80,80,80,105,106,107,80,113,114,80,80,80,80,80,73,74,75,80,80,80,80,80,80,80,80,80,80,113,114,80,80,80,80,80,80,80,113,114,80,80,80,80,80,80,80,80,109,110,80,80,80,113,114,80,80,80,80,80,80,80,80,113,114,80,80,80,80,80
      27   00:CA29  50 50 50 50 50 50 50 50 50 50 50 50 50 50 50 50 
      27   00:CA39  50 50 50 50 50 50 71 72 50 50 50 50 50 50 47 48 
      27   00:CA49  50 50 50 50 50 50 50 49 4A 4B 50 50 50 71 72 50 
      27   00:CA59  50 50 50 50 50 50 50 50 50 50 50 50 50 50 50 50 
      27   00:CA69  50 50 50 50 50 50 50 50 50 50 50 71 72 50 50 50 
      27   00:CA79  50 50 71 72 50 50 50 50 50 50 50 50 50 50 50 50 
      27   00:CA89  50 50 50 71 72 50 50 50 50 50 71 72 50 50 50 50 
      27   00:CA99  50 6D 6E 50 50 50 50 50 50 50 50 50 50 71 72 50 
      27   00:CAA9  50 50 6D 6E 50 50 50 69 6A 6B 50 71 72 50 50 50 
      27   00:CAB9  50 50 49 4A 4B 50 50 50 50 50 50 50 50 50 50 71 
      27   00:CAC9  72 50 50 50 50 50 50 50 71 72 50 50 50 50 50 50 
      27   00:CAD9  50 50 6D 6E 50 50 50 71 72 50 50 50 50 50 50 50 
      27   00:CAE9  50 71 72 50 50 50 50 50 
      28   00:CAF1                          db 80,80,80,73,74,75,80,80,80,80,80,80,80,80,80,80,80,80,80,80,80,80,80,80,80,80,80,80,80,80,103,104,80,80,80,80,80,80,80,80,80,80,80,80,80,80,80,80,80,80,80,80,80,80,80,80,80,80,80,80,80,80,80,80,80,80,80,80,80,80,80,80,80,80,80,80,80,80,80,80,80,80,80,80,80,80,80,80,80,80,80,80,109,110,80,80,80,80,105,106,107,80,80,80,80,80,80,80,73,74,75,80,80,80,80,80,80,80,80,80,80,73,74,75,80,80,80,80,80,80,80,80,80,80,80,80,80,80,80,80,80,80,80,80,80,80,80,80,80,80,80,80,80,80,80,80,80,80,80,80,80,80,80,80,80,80,80,80,80,80,80,80,80,80,80,80,80,80,80,80,80,80,80,80,80,80,80,80,80,80,80,80,80,80,80,80,80,80,105,106
      28   00:CAF1  50 50 50 49 4A 4B 50 50 50 50 50 50 50 50 50 50 
      28   00:CB01  50 50 50 50 50 50 50 50 50 50 50 50 50 50 67 68 
      28   00:CB11  50 50 50 50 50 50 50 50 50 50 50 50 50 50 50 50 
      28   00:CB21  50 50 50 50 50 50 50 50 50 50 50 50 50 50 50 50 
      28   00:CB31  50 50 50 50 50 50 50 50 50 50 50 50 50 50 50 50 
      28   00:CB41  50 50 50 50 50 50 50 50 50 50 50 50 6D 6E 50 50 
      28   00:CB51  50 50 69 6A 6B 50 50 50 50 50 50 50 49 4A 4B 50 
      28   00:CB61  50 50 50 50 50 50 50 50 50 49 4A 4B 50 50 50 50 
      28   00:CB71  50 50 50 50 50 50 50 50 50 50 50 50 50 50 50 50 
      28   00:CB81  50 50 50 50 50 50 50 50 50 50 50 50 50 50 50 50 
      28   00:CB91  50 50 50 50 50 50 50 50 50 50 50 50 50 50 50 50 
      28   00:CBA1  50 50 50 50 50 50 50 50 50 50 50 50 50 50 50 50 
      28   00:CBB1  50 50 50 50 50 50 69 6A 
      29   00:CBB9                          db 80,80,80,80,80,80,80,80,80,73,74,75,80,80,80,73,74,75,80,80,105,106,107,80,80,80,80,80,80,80,135,136,80,80,80,80,80,80,80,80,80,80,80,80,80,80,80,80,80,80,80,80,80,80,80,80,80,73,74,75,80,80,80,80,80,80,80,80,80,80,80,80,80,80,80,80,80,80,80,80,80,80,80,80,80,80,80,80,80,80,80,80,80,80,80,80,80,80,80,80,80,80,80,80,80,80,80,80,80,80,80,80,80,80,80,80,80,80,80,80,80,80,80,80,80,80,80,80,80,80,80,80,80,80,80,80,80,80,80,80,80,80,80,80,80,80,80,80,80,80,80,80,80,80,80,80,80,80,80,80,80,80,109,110,80,80,80,80,80,80,80,80,80,73,74,75,80,80,80,80,80,80,80,80,80,80,80,80,80,73,74,75,80,80,80,80,80,80,80,80
      29   00:CBB9  50 50 50 50 50 50 50 50 50 49 4A 4B 50 50 50 49 
      29   00:CBC9  4A 4B 50 50 69 6A 6B 50 50 50 50 50 50 50 87 88 
      29   00:CBD9  50 50 50 50 50 50 50 50 50 50 50 50 50 50 50 50 
      29   00:CBE9  50 50 50 50 50 50 50 50 50 49 4A 4B 50 50 50 50 
      29   00:CBF9  50 50 50 50 50 50 50 50 50 50 50 50 50 50 50 50 
      29   00:CC09  50 50 50 50 50 50 50 50 50 50 50 50 50 50 50 50 
      29   00:CC19  50 50 50 50 50 50 50 50 50 50 50 50 50 50 50 50 
      29   00:CC29  50 50 50 50 50 50 50 50 50 50 50 50 50 50 50 50 
      29   00:CC39  50 50 50 50 50 50 50 50 50 50 50 50 50 50 50 50 
      29   00:CC49  50 50 50 50 50 50 50 50 50 50 50 50 50 50 50 50 
      29   00:CC59  50 50 6D 6E 50 50 50 50 50 50 50 50 50 49 4A 4B 
      29   00:CC69  50 50 50 50 50 50 50 50 50 50 50 50 50 49 4A 4B 
      29   00:CC79  50 50 50 50 50 50 50 50 
      30   00:CC81                          db 80,80,80,80,80,80,80,80,80,80,80,80,80,80,80,80,80,80,80,80,80,80,80,80,80,80,80,80,80,80,80,80,80,80,80,80,80,80,80,80,80,80,80,80,80,80,80,105,106,107,80,80,80,80,80,80,80,80,80,80,80,80,80,80,80,80,80,80,80,80,80,80,80,80,80,80,80,80,80,80,80,80,80,80,80,80,80,80,80,80,80,80,80,80,80,80,80,80,80,80,80,80,80,80,80,80,80,80,80,80,80,80,80,80,80,80,80,80,80,80,80,80,80,80,80,80,80,80,80,80,80,80,80,80,80,80,80,80,80,80,80,80,80,80,80,80,80,80,80,80,80,80,80,80,80,80,80,80,80,80,80,80,80,80,80,80,80,80,80,80,80,80,80,80,80,80,80,80,80,80,80,80,80,80,80,80,80,80,80,80,80,80,80,80,80,80,80,80,80,80
      30   00:CC81  50 50 50 50 50 50 50 50 50 50 50 50 50 50 50 50 
      30   00:CC91  50 50 50 50 50 50 50 50 50 50 50 50 50 50 50 50 
      30   00:CCA1  50 50 50 50 50 50 50 50 50 50 50 50 50 50 50 69 
      30   00:CCB1  6A 6B 50 50 50 50 50 50 50 50 50 50 50 50 50 50 
      30   00:CCC1  50 50 50 50 50 50 50 50 50 50 50 50 50 50 50 50 
      30   00:CCD1  50 50 50 50 50 50 50 50 50 50 50 50 50 50 50 50 
      30   00:CCE1  50 50 50 50 50 50 50 50 50 50 50 50 50 50 50 50 
      30   00:CCF1  50 50 50 50 50 50 50 50 50 50 50 50 50 50 50 50 
      30   00:CD01  50 50 50 50 50 50 50 50 50 50 50 50 50 50 50 50 
      30   00:CD11  50 50 50 50 50 50 50 50 50 50 50 50 50 50 50 50 
      30   00:CD21  50 50 50 50 50 50 50 50 50 50 50 50 50 50 50 50 
      30   00:CD31  50 50 50 50 50 50 50 50 50 50 50 50 50 50 50 50 
      30   00:CD41  50 50 50 50 50 50 50 50 
      31   00:CD49                          db 80,80,80,80,80,80,80,80,80,80,80,80,80,80,80,80,73,74,75,80,80,80,80,80,80,80,80,80,80,80,80,80,80,80,80,80,80,80,80,80,80,80,80,80,80,80,80,80,80,80,80,80,80,80,80,80,80,80,80,80,80,80,80,80,80,109,110,80,80,80,80,80,80,73,74,75,80,80,80,80,80,80,80,80,80,80,80,80,80,80,80,80,80,80,80,80,80,80,80,80,80,80,80,80,80,80,80,80,80,80,80,80,80,80,80,80,80,80,80,80,80,80,80,80,80,80,80,80,80,80,80,80,80,80,80,80,80,80,80,80,80,80,80,80,80,80,80,80,80,80,80,80,80,80,80,80,80,80,80,80,80,80,80,80,80,80,80,80,80,80,80,80,80,80,80,80,80,80,80,80,80,80,80,80,80,80,80,80,80,80,80,80,80,80,80,80,80,80,80,80
      31   00:CD49  50 50 50 50 50 50 50 50 50 50 50 50 50 50 50 50 
      31   00:CD59  49 4A 4B 50 50 50 50 50 50 50 50 50 50 50 50 50 
      31   00:CD69  50 50 50 50 50 50 50 50 50 50 50 50 50 50 50 50 
      31   00:CD79  50 50 50 50 50 50 50 50 50 50 50 50 50 50 50 50 
      31   00:CD89  50 6D 6E 50 50 50 50 50 50 49 4A 4B 50 50 50 50 
      31   00:CD99  50 50 50 50 50 50 50 50 50 50 50 50 50 50 50 50 
      31   00:CDA9  50 50 50 50 50 50 50 50 50 50 50 50 50 50 50 50 
      31   00:CDB9  50 50 50 50 50 50 50 50 50 50 50 50 50 50 50 50 
      31   00:CDC9  50 50 50 50 50 50 50 50 50 50 50 50 50 50 50 50 
      31   00:CDD9  50 50 50 50 50 50 50 50 50 50 50 50 50 50 50 50 
      31   00:CDE9  50 50 50 50 50 50 50 50 50 50 50 50 50 50 50 50 
      31   00:CDF9  50 50 50 50 50 50 50 50 50 50 50 50 50 50 50 50 
      31   00:CE09  50 50 50 50 50 50 50 50 
      32   00:CE11                          db 80,80,80,80,80,80,80,80,80,80,80,80,80,80,80,80,80,80,80,80,80,80,80,80,80,80,80,80,80,80,73,74,75,80,80,80,80,80,80,73,74,75,80,80,80,80,80,80,80,80,80,73,74,75,80,80,80,80,80,80,80,80,80,80,80,80,80,80,80,80,80,80,80,80,80,80,80,80,80,80,80,80,80,80,80,80,80,80,80,80,80,80,80,73,74,75,80,80,80,80,80,80,80,80,80,80,80,80,80,80,80,80,80,80,80,80,80,80,80,80,80,80,80,80,80,80,80,80,80,80,80,80,80,80,80,73,73,74,75,80,80,80,80,80,80,80,80,80,80,80,80,80,80,80,80,80,80,80,80,80,80,73,74,75,80,80,80,80,80,80,80,80,80,80,80,80,80,80,80,80,80,80,80,80,80,80,80,80,80,80,80,80,80,80,80,80,80,80,80,80
      32   00:CE11  50 50 50 50 50 50 50 50 50 50 50 50 50 50 50 50 
      32   00:CE21  50 50 50 50 50 50 50 50 50 50 50 50 50 50 49 4A 
      32   00:CE31  4B 50 50 50 50 50 50 49 4A 4B 50 50 50 50 50 50 
      32   00:CE41  50 50 50 49 4A 4B 50 50 50 50 50 50 50 50 50 50 
      32   00:CE51  50 50 50 50 50 50 50 50 50 50 50 50 50 50 50 50 
      32   00:CE61  50 50 50 50 50 50 50 50 50 50 50 50 50 49 4A 4B 
      32   00:CE71  50 50 50 50 50 50 50 50 50 50 50 50 50 50 50 50 
      32   00:CE81  50 50 50 50 50 50 50 50 50 50 50 50 50 50 50 50 
      32   00:CE91  50 50 50 50 50 50 50 49 49 4A 4B 50 50 50 50 50 
      32   00:CEA1  50 50 50 50 50 50 50 50 50 50 50 50 50 50 50 50 
      32   00:CEB1  50 49 4A 4B 50 50 50 50 50 50 50 50 50 50 50 50 
      32   00:CEC1  50 50 50 50 50 50 50 50 50 50 50 50 50 50 50 50 
      32   00:CED1  50 50 50 50 50 50 50 50 
      33   00:CED9                          db 80,80,80,80,80,80,80,80,80,80,80,80,80,80,80,80,80,80,80,80,80,80,80,80,73,74,75,80,80,80,80,80,80,80,227,228,80,80,80,80,80,80,80,80,80,80,80,80,80,80,80,80,80,80,80,80,80,80,80,80,80,80,80,80,80,80,80,80,80,80,80,80,80,80,80,80,80,80,80,80,80,80,80,80,80,80,80,80,80,80,80,80,80,80,80,80,80,80,80,80,80,80,80,80,80,105,106,107,80,80,80,80,80,80,80,80,73,74,75,80,80,80,80,80,80,80,80,80,80,105,106,107,80,80,80,80,80,80,80,80,80,80,80,80,80,80,80,80,80,80,80,80,80,80,80,80,80,80,80,80,80,80,80,80,80,80,80,80,80,80,80,80,80,80,80,80,80,105,106,107,80,80,80,80,80,80,80,80,80,80,80,80,80,80,80,80,80,80,73,74
      33   00:CED9  50 50 50 50 50 50 50 50 50 50 50 50 50 50 50 50 
      33   00:CEE9  50 50 50 50 50 50 50 50 49 4A 4B 50 50 50 50 50 
      33   00:CEF9  50 50 E3 E4 50 50 50 50 50 50 50 50 50 50 50 50 
      33   00:CF09  50 50 50 50 50 50 50 50 50 50 50 50 50 50 50 50 
      33   00:CF19  50 50 50 50 50 50 50 50 50 50 50 50 50 50 50 50 
      33   00:CF29  50 50 50 50 50 50 50 50 50 50 50 50 50 50 50 50 
      33   00:CF39  50 50 50 50 50 50 50 50 50 69 6A 6B 50 50 50 50 
      33   00:CF49  50 50 50 50 49 4A 4B 50 50 50 50 50 50 50 50 50 
      33   00:CF59  50 69 6A 6B 50 50 50 50 50 50 50 50 50 50 50 50 
      33   00:CF69  50 50 50 50 50 50 50 50 50 50 50 50 50 50 50 50 
      33   00:CF79  50 50 50 50 50 50 50 50 50 50 50 50 50 50 50 50 
      33   00:CF89  50 69 6A 6B 50 50 50 50 50 50 50 50 50 50 50 50 
      33   00:CF99  50 50 50 50 50 50 49 4A 
      34   00:CFA1                          db 80,80,80,80,80,80,80,80,80,80,227,228,227,227,228,80,80,80,80,80,80,73,74,75,80,80,80,80,80,80,80,80,227,228,80,80,80,80,80,227,228,80,80,80,80,80,80,80,80,80,80,80,80,80,80,80,80,80,80,80,80,80,80,80,80,80,80,80,80,80,80,80,80,80,80,80,80,80,80,80,80,80,80,80,80,80,80,80,80,80,80,80,80,80,80,80,80,80,80,80,80,80,80,80,80,80,80,80,80,80,80,80,80,80,80,80,80,80,80,80,80,80,80,80,80,80,80,80,80,80,80,80,80,80,80,80,80,80,80,80,80,80,80,80,80,80,80,80,80,80,80,80,80,80,80,80,80,80,80,80,80,80,80,80,80,80,80,80,80,80,80,80,80,80,80,80,80,80,80,80,80,80,80,80,80,80,80,80,80,80,80,80,80,80,80,80,80,80,80,80
      34   00:CFA1  50 50 50 50 50 50 50 50 50 50 E3 E4 E3 E3 E4 50 
      34   00:CFB1  50 50 50 50 50 49 4A 4B 50 50 50 50 50 50 50 50 
      34   00:CFC1  E3 E4 50 50 50 50 50 E3 E4 50 50 50 50 50 50 50 
      34   00:CFD1  50 50 50 50 50 50 50 50 50 50 50 50 50 50 50 50 
      34   00:CFE1  50 50 50 50 50 50 50 50 50 50 50 50 50 50 50 50 
      34   00:CFF1  50 50 50 50 50 50 50 50 50 50 50 50 50 50 50 50 
      34   00:D001  50 50 50 50 50 50 50 50 50 50 50 50 50 50 50 50 
      34   00:D011  50 50 50 50 50 50 50 50 50 50 50 50 50 50 50 50 
      34   00:D021  50 50 50 50 50 50 50 50 50 50 50 50 50 50 50 50 
      34   00:D031  50 50 50 50 50 50 50 50 50 50 50 50 50 50 50 50 
      34   00:D041  50 50 50 50 50 50 50 50 50 50 50 50 50 50 50 50 
      34   00:D051  50 50 50 50 50 50 50 50 50 50 50 50 50 50 50 50 
      34   00:D061  50 50 50 50 50 50 50 50 
      35   00:D069                          db 80,80,80,80,80,80,80,80,227,228,227,228,227,227,227,227,228,80,80,80,80,80,80,80,80,80,80,80,227,227,228,227,227,228,80,80,80,227,228,80,80,80,80,80,80,80,80,80,80,80,80,80,80,80,80,80,80,80,80,80,80,80,80,80,227,228,80,80,80,80,80,80,80,80,80,80,80,80,80,80,80,80,80,80,80,227,228,80,80,80,80,80,80,80,80,80,80,80,80,80,80,80,80,80,80,80,80,80,80,80,80,80,80,80,80,80,80,80,80,80,80,80,80,227,228,80,80,80,80,80,80,80,80,80,80,80,80,80,80,80,80,80,80,80,80,80,80,80,80,80,80,80,80,80,80,80,80,80,80,80,80,80,80,80,80,80,80,80,80,80,80,80,80,80,80,80,80,80,80,80,80,227,228,80,80,80,80,80,80,80,80,80,80,80,80,80,80,80,80,80
      35   00:D069  50 50 50 50 50 50 50 50 E3 E4 E3 E4 E3 E3 E3 E3 
      35   00:D079  E4 50 50 50 50 50 50 50 50 50 50 50 E3 E3 E4 E3 
      35   00:D089  E3 E4 50 50 50 E3 E4 50 50 50 50 50 50 50 50 50 
      35   00:D099  50 50 50 50 50 50 50 50 50 50 50 50 50 50 50 50 
      35   00:D0A9  E3 E4 50 50 50 50 50 50 50 50 50 50 50 50 50 50 
      35   00:D0B9  50 50 50 50 50 E3 E4 50 50 50 50 50 50 50 50 50 
      35   00:D0C9  50 50 50 50 50 50 50 50 50 50 50 50 50 50 50 50 
      35   00:D0D9  50 50 50 50 50 50 50 50 50 50 50 E3 E4 50 50 50 
      35   00:D0E9  50 50 50 50 50 50 50 50 50 50 50 50 50 50 50 50 
      35   00:D0F9  50 50 50 50 50 50 50 50 50 50 50 50 50 50 50 50 
      35   00:D109  50 50 50 50 50 50 50 50 50 50 50 50 50 50 50 50 
      35   00:D119  50 50 50 50 50 E3 E4 50 50 50 50 50 50 50 50 50 
      35   00:D129  50 50 50 50 50 50 50 50 
      36   00:D131                          db 160,161,162,163,164,165,160,160,160,160,160,160,161,162,160,161,160,160,161,162,80,80,165,160,160,161,160,161,160,160,160,160,161,160,161,161,162,160,160,160,161,162,163,164,160,161,162,163,164,165,160,160,160,160,80,80,160,161,162,160,161,162,163,164,160,161,162,163,164,160,161,162,163,164,160,161,162,163,164,160,161,162,163,164,160,161,162,160,161,162,163,164,160,161,162,163,164,160,161,162,163,164,165,160,161,162,163,164,160,161,162,163,160,161,162,163,164,165,160,161,162,163,160,161,162,163,160,161,162,163,164,160,161,162,160,161,162,163,160,161,162,163,164,160,160,161,162,160,161,162,163,160,161,162,163,160,161,162,163,164,160,161,162,163,164,160,161,162,163,160,161,162,163,164,160,161,162,163,160,161,162,160,161,162,163,164,165,160,161,162,163,160,161,162,163,160,161,162,160,160
      36   00:D131  A0 A1 A2 A3 A4 A5 A0 A0 A0 A0 A0 A0 A1 A2 A0 A1 
      36   00:D141  A0 A0 A1 A2 50 50 A5 A0 A0 A1 A0 A1 A0 A0 A0 A0 
      36   00:D151  A1 A0 A1 A1 A2 A0 A0 A0 A1 A2 A3 A4 A0 A1 A2 A3 
      36   00:D161  A4 A5 A0 A0 A0 A0 50 50 A0 A1 A2 A0 A1 A2 A3 A4 
      36   00:D171  A0 A1 A2 A3 A4 A0 A1 A2 A3 A4 A0 A1 A2 A3 A4 A0 
      36   00:D181  A1 A2 A3 A4 A0 A1 A2 A0 A1 A2 A3 A4 A0 A1 A2 A3 
      36   00:D191  A4 A0 A1 A2 A3 A4 A5 A0 A1 A2 A3 A4 A0 A1 A2 A3 
      36   00:D1A1  A0 A1 A2 A3 A4 A5 A0 A1 A2 A3 A0 A1 A2 A3 A0 A1 
      36   00:D1B1  A2 A3 A4 A0 A1 A2 A0 A1 A2 A3 A0 A1 A2 A3 A4 A0 
      36   00:D1C1  A0 A1 A2 A0 A1 A2 A3 A0 A1 A2 A3 A0 A1 A2 A3 A4 
      36   00:D1D1  A0 A1 A2 A3 A4 A0 A1 A2 A3 A0 A1 A2 A3 A4 A0 A1 
      36   00:D1E1  A2 A3 A0 A1 A2 A0 A1 A2 A3 A4 A5 A0 A1 A2 A3 A0 
      36   00:D1F1  A1 A2 A3 A0 A1 A2 A0 A0 
      37   00:D1F9                      
      38   00:D1F9                      
      39   00:D1F9                      FINAL:

    LABELS
-------------------------------------------------
00:0000C000   INICIO
00:0000C001 X level1
00:0000D1F9   FINAL


 Output: src/world0.out
-------------------------------------------------

 Page: 00
  Org: 0000C000  Size: *  Used: 00000000

    No output

 Output: world0.bin
-------------------------------------------------

 Page: 00
  Org: 0000C000  Size: *  Used: 00001200

   Address   Length Align   Label
   0000C000    4608         INICIO
