Sjasm Z80 Assembler v0.42c - www.xl2s.tk             [2020.12.22 - 07:32:15]

world0.asm
Errors: 0

       1   00:0000                        
       2   00:0000                              output "world0.bin"
       3   00:D000                      
       4   00:D000  FE                      db   #fe               ; ID archivo binario, siempre hay que poner el mismo -1FEh
       5   00:D001  00 D0                   dw   INICIO            ; dirección de inicio
       6   00:D003  F8 E1                   dw   FINAL - 1         ; dirección final
       7   00:D005  00 D0                   dw   INICIO             ; dircción del programa de ejecución (para cuando pongas r en bload"nombre_programa", r)
       8   00:D007                      
       9   00:D007                          org #d000 ; o 57344, org se utiliza para decirle al z80 en que posición de memoria RAM empieza nuestro programa en ensamblador
      10   00:D000                      
      11   00:D000                      INICIO:
      12   00:D000  C9                      ret ; el ret es necesario para que vuelva al basic
      13   00:D001                      level0:
      14   00:D001                      
      15   00:D001                          db 64,64,64,64,64,64,64,64,64,64,64,64,64,64,64,64,64,64,64,64,64,64,64,64,64,64,64,64,64,64,64,64,64,64,64,64,64,64,64,64,64,64,64,64,64,64,64,64,64,64,64,64,64,64,64,64,64,64,64,64,64,64,64,160,160,160,160,160,160,160,160,160,160,160,160,160,160,160,160,160,160,160,160,160,160,160,160,160,160,160,160,160,160,160,160,160,160,160,160,160,160,160,160,160,160,160,160,160,160,160,160,160,160,160,160,160,160,160,160,160,160,160,160,160,160,160,160,160,160,160,160,160,160,160,160,160,160,160,160,160,160,160,160,160,160,160,160,160,160,160,160,160,160,160,160,160,160,160,160,160,160,160,160,160,160,160,160,160,160,160,160,160,160,160,160,160,160,160,160,160,160,160,160,160,160,160,160,160,160,160,160,160,160,160,160,160,160,160,160,160
      15   00:D001  40 40 40 40 40 40 40 40 40 40 40 40 40 40 40 40 
      15   00:D011  40 40 40 40 40 40 40 40 40 40 40 40 40 40 40 40 
      15   00:D021  40 40 40 40 40 40 40 40 40 40 40 40 40 40 40 40 
      15   00:D031  40 40 40 40 40 40 40 40 40 40 40 40 40 40 40 A0 
      15   00:D041  A0 A0 A0 A0 A0 A0 A0 A0 A0 A0 A0 A0 A0 A0 A0 A0 
      15   00:D051  A0 A0 A0 A0 A0 A0 A0 A0 A0 A0 A0 A0 A0 A0 A0 A0 
      15   00:D061  A0 A0 A0 A0 A0 A0 A0 A0 A0 A0 A0 A0 A0 A0 A0 A0 
      15   00:D071  A0 A0 A0 A0 A0 A0 A0 A0 A0 A0 A0 A0 A0 A0 A0 A0 
      15   00:D081  A0 A0 A0 A0 A0 A0 A0 A0 A0 A0 A0 A0 A0 A0 A0 A0 
      15   00:D091  A0 A0 A0 A0 A0 A0 A0 A0 A0 A0 A0 A0 A0 A0 A0 A0 
      15   00:D0A1  A0 A0 A0 A0 A0 A0 A0 A0 A0 A0 A0 A0 A0 A0 A0 A0 
      15   00:D0B1  A0 A0 A0 A0 A0 A0 A0 A0 A0 A0 A0 A0 A0 A0 A0 A0 
      15   00:D0C1  A0 A0 A0 A0 A0 A0 A0 A0 
      16   00:D0C9                          db 64,64,64,64,64,64,64,64,64,64,64,64,64,64,64,64,64,64,64,64,64,64,64,64,64,64,64,64,64,64,64,64,64,64,64,64,64,64,64,64,64,64,64,64,64,64,64,64,64,64,64,64,64,64,64,64,64,64,64,64,64,64,64,64,160,160,160,160,160,160,160,160,160,160,160,160,160,160,160,160,160,160,160,160,160,160,160,160,160,160,160,160,160,160,160,160,160,160,160,160,160,160,160,160,160,160,160,160,160,160,160,160,160,160,160,160,160,160,160,160,160,160,160,160,160,160,160,160,160,160,160,160,160,160,160,160,160,160,160,160,160,160,160,160,160,160,160,160,160,160,160,160,160,160,160,160,160,160,160,160,160,160,160,160,160,160,160,160,160,160,160,160,160,160,160,160,160,160,160,160,160,160,160,160,160,160,160,160,160,160,160,160,160,160,160,160,160,160,160,160
      16   00:D0C9  40 40 40 40 40 40 40 40 40 40 40 40 40 40 40 40 
      16   00:D0D9  40 40 40 40 40 40 40 40 40 40 40 40 40 40 40 40 
      16   00:D0E9  40 40 40 40 40 40 40 40 40 40 40 40 40 40 40 40 
      16   00:D0F9  40 40 40 40 40 40 40 40 40 40 40 40 40 40 40 40 
      16   00:D109  A0 A0 A0 A0 A0 A0 A0 A0 A0 A0 A0 A0 A0 A0 A0 A0 
      16   00:D119  A0 A0 A0 A0 A0 A0 A0 A0 A0 A0 A0 A0 A0 A0 A0 A0 
      16   00:D129  A0 A0 A0 A0 A0 A0 A0 A0 A0 A0 A0 A0 A0 A0 A0 A0 
      16   00:D139  A0 A0 A0 A0 A0 A0 A0 A0 A0 A0 A0 A0 A0 A0 A0 A0 
      16   00:D149  A0 A0 A0 A0 A0 A0 A0 A0 A0 A0 A0 A0 A0 A0 A0 A0 
      16   00:D159  A0 A0 A0 A0 A0 A0 A0 A0 A0 A0 A0 A0 A0 A0 A0 A0 
      16   00:D169  A0 A0 A0 A0 A0 A0 A0 A0 A0 A0 A0 A0 A0 A0 A0 A0 
      16   00:D179  A0 A0 A0 A0 A0 A0 A0 A0 A0 A0 A0 A0 A0 A0 A0 A0 
      16   00:D189  A0 A0 A0 A0 A0 A0 A0 A0 
      17   00:D191                          db 64,64,64,64,64,64,64,64,64,64,64,64,64,64,64,64,64,64,64,64,64,64,64,64,64,64,64,64,64,64,64,64,64,64,64,64,64,64,64,64,64,64,64,64,64,64,64,64,64,64,64,64,64,64,64,64,64,64,64,64,64,64,64,64,160,160,160,160,160,160,160,160,160,160,160,160,160,160,160,160,160,160,160,160,160,160,160,160,160,160,160,160,160,160,160,160,160,160,160,160,160,160,160,160,160,160,160,160,160,160,160,160,160,160,160,160,160,160,160,160,160,160,160,160,160,160,160,160,160,160,160,160,160,160,160,160,160,160,160,160,160,160,160,160,160,160,160,160,160,160,160,160,160,160,160,160,160,160,160,160,160,160,160,160,160,160,160,160,160,160,160,160,160,160,160,160,160,160,160,160,160,160,160,160,160,160,160,160,160,160,160,160,160,160,160,160,160,160,160,160
      17   00:D191  40 40 40 40 40 40 40 40 40 40 40 40 40 40 40 40 
      17   00:D1A1  40 40 40 40 40 40 40 40 40 40 40 40 40 40 40 40 
      17   00:D1B1  40 40 40 40 40 40 40 40 40 40 40 40 40 40 40 40 
      17   00:D1C1  40 40 40 40 40 40 40 40 40 40 40 40 40 40 40 40 
      17   00:D1D1  A0 A0 A0 A0 A0 A0 A0 A0 A0 A0 A0 A0 A0 A0 A0 A0 
      17   00:D1E1  A0 A0 A0 A0 A0 A0 A0 A0 A0 A0 A0 A0 A0 A0 A0 A0 
      17   00:D1F1  A0 A0 A0 A0 A0 A0 A0 A0 A0 A0 A0 A0 A0 A0 A0 A0 
      17   00:D201  A0 A0 A0 A0 A0 A0 A0 A0 A0 A0 A0 A0 A0 A0 A0 A0 
      17   00:D211  A0 A0 A0 A0 A0 A0 A0 A0 A0 A0 A0 A0 A0 A0 A0 A0 
      17   00:D221  A0 A0 A0 A0 A0 A0 A0 A0 A0 A0 A0 A0 A0 A0 A0 A0 
      17   00:D231  A0 A0 A0 A0 A0 A0 A0 A0 A0 A0 A0 A0 A0 A0 A0 A0 
      17   00:D241  A0 A0 A0 A0 A0 A0 A0 A0 A0 A0 A0 A0 A0 A0 A0 A0 
      17   00:D251  A0 A0 A0 A0 A0 A0 A0 A0 
      18   00:D259                          db 64,64,64,64,64,64,64,64,64,64,64,64,64,64,64,64,64,64,64,64,64,64,64,64,64,64,64,64,64,64,64,64,64,64,64,64,64,64,64,64,64,64,64,64,64,64,64,64,64,64,64,64,64,64,64,64,64,64,64,64,64,64,64,64,160,160,160,160,160,160,160,160,160,160,160,160,160,160,160,160,160,160,160,160,160,160,160,160,160,160,160,160,160,160,160,160,160,160,160,160,160,160,160,160,160,160,160,160,160,160,160,160,160,160,160,160,160,160,160,160,160,160,160,160,160,160,160,160,160,160,160,160,160,160,160,160,160,160,160,160,160,160,160,160,160,160,160,160,160,160,160,160,160,160,160,160,160,160,160,160,160,160,160,160,160,160,160,160,160,160,160,160,160,160,160,160,160,160,160,160,160,160,160,160,160,160,160,160,160,160,160,160,160,160,160,160,160,160,160,160
      18   00:D259  40 40 40 40 40 40 40 40 40 40 40 40 40 40 40 40 
      18   00:D269  40 40 40 40 40 40 40 40 40 40 40 40 40 40 40 40 
      18   00:D279  40 40 40 40 40 40 40 40 40 40 40 40 40 40 40 40 
      18   00:D289  40 40 40 40 40 40 40 40 40 40 40 40 40 40 40 40 
      18   00:D299  A0 A0 A0 A0 A0 A0 A0 A0 A0 A0 A0 A0 A0 A0 A0 A0 
      18   00:D2A9  A0 A0 A0 A0 A0 A0 A0 A0 A0 A0 A0 A0 A0 A0 A0 A0 
      18   00:D2B9  A0 A0 A0 A0 A0 A0 A0 A0 A0 A0 A0 A0 A0 A0 A0 A0 
      18   00:D2C9  A0 A0 A0 A0 A0 A0 A0 A0 A0 A0 A0 A0 A0 A0 A0 A0 
      18   00:D2D9  A0 A0 A0 A0 A0 A0 A0 A0 A0 A0 A0 A0 A0 A0 A0 A0 
      18   00:D2E9  A0 A0 A0 A0 A0 A0 A0 A0 A0 A0 A0 A0 A0 A0 A0 A0 
      18   00:D2F9  A0 A0 A0 A0 A0 A0 A0 A0 A0 A0 A0 A0 A0 A0 A0 A0 
      18   00:D309  A0 A0 A0 A0 A0 A0 A0 A0 A0 A0 A0 A0 A0 A0 A0 A0 
      18   00:D319  A0 A0 A0 A0 A0 A0 A0 A0 
      19   00:D321                          db 64,64,64,64,64,64,64,64,64,64,64,64,64,64,64,64,64,64,64,64,64,64,64,64,64,64,64,64,64,64,64,64,64,64,64,64,64,64,64,64,64,64,64,64,64,64,64,64,64,64,64,64,64,64,64,64,64,64,64,64,64,64,64,64,160,160,160,160,160,160,160,160,160,160,160,160,160,160,160,160,160,160,160,160,160,160,160,160,160,160,160,160,160,160,160,160,160,160,160,160,160,160,160,160,160,160,160,160,160,160,160,160,160,160,160,160,160,160,160,160,160,160,160,160,160,160,160,160,160,160,160,160,160,160,160,160,160,160,160,160,160,160,160,160,160,160,160,160,160,160,160,160,160,160,160,160,160,160,160,160,160,160,160,160,160,160,160,160,160,160,160,160,160,160,160,160,160,160,160,160,160,160,160,160,160,160,160,160,160,160,160,160,160,160,160,160,160,160,160,160
      19   00:D321  40 40 40 40 40 40 40 40 40 40 40 40 40 40 40 40 
      19   00:D331  40 40 40 40 40 40 40 40 40 40 40 40 40 40 40 40 
      19   00:D341  40 40 40 40 40 40 40 40 40 40 40 40 40 40 40 40 
      19   00:D351  40 40 40 40 40 40 40 40 40 40 40 40 40 40 40 40 
      19   00:D361  A0 A0 A0 A0 A0 A0 A0 A0 A0 A0 A0 A0 A0 A0 A0 A0 
      19   00:D371  A0 A0 A0 A0 A0 A0 A0 A0 A0 A0 A0 A0 A0 A0 A0 A0 
      19   00:D381  A0 A0 A0 A0 A0 A0 A0 A0 A0 A0 A0 A0 A0 A0 A0 A0 
      19   00:D391  A0 A0 A0 A0 A0 A0 A0 A0 A0 A0 A0 A0 A0 A0 A0 A0 
      19   00:D3A1  A0 A0 A0 A0 A0 A0 A0 A0 A0 A0 A0 A0 A0 A0 A0 A0 
      19   00:D3B1  A0 A0 A0 A0 A0 A0 A0 A0 A0 A0 A0 A0 A0 A0 A0 A0 
      19   00:D3C1  A0 A0 A0 A0 A0 A0 A0 A0 A0 A0 A0 A0 A0 A0 A0 A0 
      19   00:D3D1  A0 A0 A0 A0 A0 A0 A0 A0 A0 A0 A0 A0 A0 A0 A0 A0 
      19   00:D3E1  A0 A0 A0 A0 A0 A0 A0 A0 
      20   00:D3E9                          db 64,64,64,64,64,64,64,64,64,64,64,64,64,64,64,64,64,64,64,64,64,64,64,64,64,64,96,97,98,98,99,64,64,64,64,64,64,64,64,64,64,64,64,64,64,64,64,64,64,64,64,64,64,64,64,64,64,64,64,64,64,64,64,160,160,160,160,160,160,160,160,160,160,160,160,160,160,160,160,160,160,160,160,160,160,160,160,160,160,160,160,160,160,160,160,160,160,160,160,160,160,160,160,160,160,160,160,160,160,160,160,160,160,160,160,160,160,160,160,160,160,160,160,160,160,160,160,160,160,160,160,160,160,160,160,160,160,160,160,160,160,160,160,160,160,160,160,160,160,160,160,160,160,160,160,160,160,160,160,160,160,160,160,160,160,160,160,160,160,160,160,160,160,160,160,160,160,160,160,160,160,160,160,160,160,160,160,160,160,160,160,160,160,160,160,160,160,160,160,160
      20   00:D3E9  40 40 40 40 40 40 40 40 40 40 40 40 40 40 40 40 
      20   00:D3F9  40 40 40 40 40 40 40 40 40 40 60 61 62 62 63 40 
      20   00:D409  40 40 40 40 40 40 40 40 40 40 40 40 40 40 40 40 
      20   00:D419  40 40 40 40 40 40 40 40 40 40 40 40 40 40 40 A0 
      20   00:D429  A0 A0 A0 A0 A0 A0 A0 A0 A0 A0 A0 A0 A0 A0 A0 A0 
      20   00:D439  A0 A0 A0 A0 A0 A0 A0 A0 A0 A0 A0 A0 A0 A0 A0 A0 
      20   00:D449  A0 A0 A0 A0 A0 A0 A0 A0 A0 A0 A0 A0 A0 A0 A0 A0 
      20   00:D459  A0 A0 A0 A0 A0 A0 A0 A0 A0 A0 A0 A0 A0 A0 A0 A0 
      20   00:D469  A0 A0 A0 A0 A0 A0 A0 A0 A0 A0 A0 A0 A0 A0 A0 A0 
      20   00:D479  A0 A0 A0 A0 A0 A0 A0 A0 A0 A0 A0 A0 A0 A0 A0 A0 
      20   00:D489  A0 A0 A0 A0 A0 A0 A0 A0 A0 A0 A0 A0 A0 A0 A0 A0 
      20   00:D499  A0 A0 A0 A0 A0 A0 A0 A0 A0 A0 A0 A0 A0 A0 A0 A0 
      20   00:D4A9  A0 A0 A0 A0 A0 A0 A0 A0 
      21   00:D4B1                          db 64,64,64,64,64,64,128,98,99,64,64,64,64,96,97,98,99,100,64,64,64,64,64,64,64,96,128,129,102,102,102,99,64,100,64,64,64,64,64,64,64,64,64,64,64,96,97,98,98,98,98,98,98,98,98,99,64,64,64,64,64,64,64,160,160,160,160,160,160,160,160,160,160,160,160,160,160,160,160,160,160,160,160,160,160,160,160,160,160,160,160,160,160,160,160,160,160,160,160,160,160,160,160,160,160,160,160,160,160,160,160,160,160,160,160,160,160,160,160,160,160,160,160,160,160,160,160,160,160,160,160,160,160,160,160,160,160,160,160,160,160,160,160,160,160,160,160,160,160,160,160,160,160,160,160,160,160,160,160,160,160,160,160,160,160,160,160,160,160,160,160,160,160,160,160,160,160,160,160,160,160,160,160,160,160,160,160,160,160,160,160,160,160,160,160,160,160,160,160,160
      21   00:D4B1  40 40 40 40 40 40 80 62 63 40 40 40 40 60 61 62 
      21   00:D4C1  63 64 40 40 40 40 40 40 40 60 80 81 66 66 66 63 
      21   00:D4D1  40 64 40 40 40 40 40 40 40 40 40 40 40 60 61 62 
      21   00:D4E1  62 62 62 62 62 62 62 63 40 40 40 40 40 40 40 A0 
      21   00:D4F1  A0 A0 A0 A0 A0 A0 A0 A0 A0 A0 A0 A0 A0 A0 A0 A0 
      21   00:D501  A0 A0 A0 A0 A0 A0 A0 A0 A0 A0 A0 A0 A0 A0 A0 A0 
      21   00:D511  A0 A0 A0 A0 A0 A0 A0 A0 A0 A0 A0 A0 A0 A0 A0 A0 
      21   00:D521  A0 A0 A0 A0 A0 A0 A0 A0 A0 A0 A0 A0 A0 A0 A0 A0 
      21   00:D531  A0 A0 A0 A0 A0 A0 A0 A0 A0 A0 A0 A0 A0 A0 A0 A0 
      21   00:D541  A0 A0 A0 A0 A0 A0 A0 A0 A0 A0 A0 A0 A0 A0 A0 A0 
      21   00:D551  A0 A0 A0 A0 A0 A0 A0 A0 A0 A0 A0 A0 A0 A0 A0 A0 
      21   00:D561  A0 A0 A0 A0 A0 A0 A0 A0 A0 A0 A0 A0 A0 A0 A0 A0 
      21   00:D571  A0 A0 A0 A0 A0 A0 A0 A0 
      22   00:D579                          db 64,64,64,96,96,128,129,130,131,64,64,96,96,97,129,102,131,99,100,64,64,64,64,64,96,128,129,129,102,102,102,131,131,99,100,64,64,64,64,64,64,64,64,64,64,128,129,102,102,102,102,102,102,102,102,102,99,64,64,64,64,64,64,160,160,160,160,160,160,160,160,160,160,160,160,160,160,160,160,160,160,160,160,160,160,160,160,160,160,160,160,160,160,160,160,160,160,160,160,160,160,160,160,160,160,160,160,160,160,160,160,160,160,160,160,160,160,160,160,160,160,160,160,160,160,160,160,160,160,160,160,160,160,160,160,160,160,160,160,160,160,160,160,160,160,160,160,160,160,160,160,160,160,160,160,160,160,160,160,160,160,160,160,160,160,160,160,160,160,160,160,160,160,160,160,160,160,160,160,160,160,160,160,160,160,160,160,160,160,160,160,160,160,160,160,160,160,160,160,160
      22   00:D579  40 40 40 60 60 80 81 82 83 40 40 60 60 61 81 66 
      22   00:D589  83 63 64 40 40 40 40 40 60 80 81 81 66 66 66 83 
      22   00:D599  83 63 64 40 40 40 40 40 40 40 40 40 40 80 81 66 
      22   00:D5A9  66 66 66 66 66 66 66 66 63 40 40 40 40 40 40 A0 
      22   00:D5B9  A0 A0 A0 A0 A0 A0 A0 A0 A0 A0 A0 A0 A0 A0 A0 A0 
      22   00:D5C9  A0 A0 A0 A0 A0 A0 A0 A0 A0 A0 A0 A0 A0 A0 A0 A0 
      22   00:D5D9  A0 A0 A0 A0 A0 A0 A0 A0 A0 A0 A0 A0 A0 A0 A0 A0 
      22   00:D5E9  A0 A0 A0 A0 A0 A0 A0 A0 A0 A0 A0 A0 A0 A0 A0 A0 
      22   00:D5F9  A0 A0 A0 A0 A0 A0 A0 A0 A0 A0 A0 A0 A0 A0 A0 A0 
      22   00:D609  A0 A0 A0 A0 A0 A0 A0 A0 A0 A0 A0 A0 A0 A0 A0 A0 
      22   00:D619  A0 A0 A0 A0 A0 A0 A0 A0 A0 A0 A0 A0 A0 A0 A0 A0 
      22   00:D629  A0 A0 A0 A0 A0 A0 A0 A0 A0 A0 A0 A0 A0 A0 A0 A0 
      22   00:D639  A0 A0 A0 A0 A0 A0 A0 A0 
      23   00:D641                          db 64,64,64,96,128,129,102,102,102,131,132,96,97,129,102,102,102,131,99,100,64,64,64,96,128,129,102,102,102,102,102,102,102,131,99,100,64,64,64,64,64,64,64,64,128,129,129,102,102,102,102,102,102,102,102,102,131,99,64,64,64,64,64,160,160,160,160,160,160,160,160,160,160,160,160,160,160,160,160,160,160,160,160,160,160,160,160,160,160,160,160,160,160,160,160,160,160,160,160,160,160,160,160,160,160,160,160,160,160,160,160,160,160,160,160,160,160,160,160,160,160,160,160,160,160,160,160,160,160,160,160,160,160,160,160,160,160,160,160,160,160,160,160,160,160,160,160,160,160,160,160,160,160,160,160,160,160,160,160,160,160,160,160,160,160,160,160,160,160,160,160,160,160,160,160,160,160,160,160,160,160,160,160,160,160,160,160,160,160,160,160,160,160,160,160,160,160,160,160,160
      23   00:D641  40 40 40 60 80 81 66 66 66 83 84 60 61 81 66 66 
      23   00:D651  66 83 63 64 40 40 40 60 80 81 66 66 66 66 66 66 
      23   00:D661  66 83 63 64 40 40 40 40 40 40 40 40 80 81 81 66 
      23   00:D671  66 66 66 66 66 66 66 66 83 63 40 40 40 40 40 A0 
      23   00:D681  A0 A0 A0 A0 A0 A0 A0 A0 A0 A0 A0 A0 A0 A0 A0 A0 
      23   00:D691  A0 A0 A0 A0 A0 A0 A0 A0 A0 A0 A0 A0 A0 A0 A0 A0 
      23   00:D6A1  A0 A0 A0 A0 A0 A0 A0 A0 A0 A0 A0 A0 A0 A0 A0 A0 
      23   00:D6B1  A0 A0 A0 A0 A0 A0 A0 A0 A0 A0 A0 A0 A0 A0 A0 A0 
      23   00:D6C1  A0 A0 A0 A0 A0 A0 A0 A0 A0 A0 A0 A0 A0 A0 A0 A0 
      23   00:D6D1  A0 A0 A0 A0 A0 A0 A0 A0 A0 A0 A0 A0 A0 A0 A0 A0 
      23   00:D6E1  A0 A0 A0 A0 A0 A0 A0 A0 A0 A0 A0 A0 A0 A0 A0 A0 
      23   00:D6F1  A0 A0 A0 A0 A0 A0 A0 A0 A0 A0 A0 A0 A0 A0 A0 A0 
      23   00:D701  A0 A0 A0 A0 A0 A0 A0 A0 
      24   00:D709                          db 64,96,96,128,129,102,102,102,102,102,102,132,129,129,102,102,102,102,131,132,64,100,96,128,129,102,102,102,102,102,102,102,102,102,131,132,64,64,64,64,64,64,64,128,129,102,102,102,102,102,102,102,102,102,102,102,102,102,132,64,64,64,64,160,160,160,160,160,160,160,160,160,160,160,160,160,160,160,160,160,160,160,160,160,160,160,160,160,160,160,160,160,160,160,160,160,160,160,160,160,160,160,160,160,160,160,160,160,160,160,160,160,160,160,160,160,160,160,160,160,160,160,160,160,160,160,160,160,160,160,160,160,160,160,160,160,160,160,160,160,160,160,160,160,160,160,160,160,160,160,160,160,160,160,160,160,160,160,160,160,160,160,160,160,160,160,160,160,160,160,160,160,160,160,160,160,160,160,160,160,160,160,160,160,160,160,160,160,160,160,160,160,160,160,160,160,160,160,160,160
      24   00:D709  40 60 60 80 81 66 66 66 66 66 66 84 81 81 66 66 
      24   00:D719  66 66 83 84 40 64 60 80 81 66 66 66 66 66 66 66 
      24   00:D729  66 66 83 84 40 40 40 40 40 40 40 80 81 66 66 66 
      24   00:D739  66 66 66 66 66 66 66 66 66 66 84 40 40 40 40 A0 
      24   00:D749  A0 A0 A0 A0 A0 A0 A0 A0 A0 A0 A0 A0 A0 A0 A0 A0 
      24   00:D759  A0 A0 A0 A0 A0 A0 A0 A0 A0 A0 A0 A0 A0 A0 A0 A0 
      24   00:D769  A0 A0 A0 A0 A0 A0 A0 A0 A0 A0 A0 A0 A0 A0 A0 A0 
      24   00:D779  A0 A0 A0 A0 A0 A0 A0 A0 A0 A0 A0 A0 A0 A0 A0 A0 
      24   00:D789  A0 A0 A0 A0 A0 A0 A0 A0 A0 A0 A0 A0 A0 A0 A0 A0 
      24   00:D799  A0 A0 A0 A0 A0 A0 A0 A0 A0 A0 A0 A0 A0 A0 A0 A0 
      24   00:D7A9  A0 A0 A0 A0 A0 A0 A0 A0 A0 A0 A0 A0 A0 A0 A0 A0 
      24   00:D7B9  A0 A0 A0 A0 A0 A0 A0 A0 A0 A0 A0 A0 A0 A0 A0 A0 
      24   00:D7C9  A0 A0 A0 A0 A0 A0 A0 A0 
      25   00:D7D1                          db 64,128,129,102,102,102,102,102,102,102,102,130,130,102,102,102,102,102,102,102,131,132,128,129,102,102,102,102,102,102,102,102,102,102,102,102,102,102,102,64,128,129,102,102,102,102,102,102,102,102,102,102,102,102,102,102,102,102,102,132,64,64,64,160,160,160,160,160,160,160,160,160,160,160,160,160,160,160,160,160,160,160,160,160,160,160,160,160,160,160,160,160,160,160,160,160,160,160,160,160,160,160,160,160,160,160,160,160,160,160,160,160,160,160,160,160,160,160,160,160,160,160,160,160,160,160,160,160,160,160,160,160,160,160,160,160,160,160,160,160,160,160,160,160,160,160,160,160,160,160,160,160,160,160,160,160,160,160,160,160,160,160,160,160,160,160,160,160,160,160,160,160,160,160,160,160,160,160,160,160,160,160,160,160,160,160,160,160,160,160,160,160,160,160,160,160,160,160,160,160
      25   00:D7D1  40 80 81 66 66 66 66 66 66 66 66 82 82 66 66 66 
      25   00:D7E1  66 66 66 66 83 84 80 81 66 66 66 66 66 66 66 66 
      25   00:D7F1  66 66 66 66 66 66 66 40 80 81 66 66 66 66 66 66 
      25   00:D801  66 66 66 66 66 66 66 66 66 66 66 84 40 40 40 A0 
      25   00:D811  A0 A0 A0 A0 A0 A0 A0 A0 A0 A0 A0 A0 A0 A0 A0 A0 
      25   00:D821  A0 A0 A0 A0 A0 A0 A0 A0 A0 A0 A0 A0 A0 A0 A0 A0 
      25   00:D831  A0 A0 A0 A0 A0 A0 A0 A0 A0 A0 A0 A0 A0 A0 A0 A0 
      25   00:D841  A0 A0 A0 A0 A0 A0 A0 A0 A0 A0 A0 A0 A0 A0 A0 A0 
      25   00:D851  A0 A0 A0 A0 A0 A0 A0 A0 A0 A0 A0 A0 A0 A0 A0 A0 
      25   00:D861  A0 A0 A0 A0 A0 A0 A0 A0 A0 A0 A0 A0 A0 A0 A0 A0 
      25   00:D871  A0 A0 A0 A0 A0 A0 A0 A0 A0 A0 A0 A0 A0 A0 A0 A0 
      25   00:D881  A0 A0 A0 A0 A0 A0 A0 A0 A0 A0 A0 A0 A0 A0 A0 A0 
      25   00:D891  A0 A0 A0 A0 A0 A0 A0 A0 
      26   00:D899                          db 128,129,102,102,102,102,102,102,102,102,102,102,102,102,102,102,102,102,102,102,102,102,102,102,102,102,102,102,102,102,102,102,102,102,102,102,102,102,102,102,102,102,102,102,102,102,102,102,102,102,102,102,102,102,102,102,102,102,102,102,102,102,102,160,160,160,160,160,160,160,160,160,160,160,160,160,160,160,160,160,160,160,160,160,160,160,160,160,160,160,160,160,160,160,160,160,160,160,160,160,160,160,160,160,160,160,160,160,160,160,160,160,160,160,160,160,160,160,160,160,160,160,160,160,160,160,160,160,160,160,160,160,160,160,161,162,163,160,160,160,160,160,160,160,160,160,160,160,160,160,160,160,160,160,160,160,160,160,160,160,160,160,160,160,160,160,161,162,163,160,160,160,160,160,160,160,160,160,160,160,160,160,160,160,160,160,160,160,160,160,160,160,160,160,160,160,160,160,160,160
      26   00:D899  80 81 66 66 66 66 66 66 66 66 66 66 66 66 66 66 
      26   00:D8A9  66 66 66 66 66 66 66 66 66 66 66 66 66 66 66 66 
      26   00:D8B9  66 66 66 66 66 66 66 66 66 66 66 66 66 66 66 66 
      26   00:D8C9  66 66 66 66 66 66 66 66 66 66 66 66 66 66 66 A0 
      26   00:D8D9  A0 A0 A0 A0 A0 A0 A0 A0 A0 A0 A0 A0 A0 A0 A0 A0 
      26   00:D8E9  A0 A0 A0 A0 A0 A0 A0 A0 A0 A0 A0 A0 A0 A0 A0 A0 
      26   00:D8F9  A0 A0 A0 A0 A0 A0 A0 A0 A0 A0 A0 A0 A0 A0 A0 A0 
      26   00:D909  A0 A0 A0 A0 A0 A0 A0 A0 A0 A0 A0 A0 A0 A0 A0 A0 
      26   00:D919  A0 A0 A0 A0 A0 A0 A1 A2 A3 A0 A0 A0 A0 A0 A0 A0 
      26   00:D929  A0 A0 A0 A0 A0 A0 A0 A0 A0 A0 A0 A0 A0 A0 A0 A0 
      26   00:D939  A0 A0 A0 A0 A0 A0 A1 A2 A3 A0 A0 A0 A0 A0 A0 A0 
      26   00:D949  A0 A0 A0 A0 A0 A0 A0 A0 A0 A0 A0 A0 A0 A0 A0 A0 
      26   00:D959  A0 A0 A0 A0 A0 A0 A0 A0 
      27   00:D961                          db 160,160,160,160,160,160,160,160,160,160,160,160,160,160,160,160,160,160,160,160,160,160,160,160,160,160,160,160,160,160,160,160,161,162,163,160,160,160,160,160,160,160,160,160,160,160,160,160,160,160,160,160,160,160,160,160,160,160,160,160,160,160,160,160,160,160,160,160,160,160,160,160,160,160,160,160,160,160,160,160,160,160,160,160,160,160,160,160,160,160,160,160,160,160,160,160,160,160,168,169,160,160,160,160,168,169,160,160,160,160,160,160,160,160,160,160,160,160,160,160,160,160,160,160,160,160,160,160,160,160,160,160,160,160,160,160,160,160,160,160,160,160,160,160,160,160,160,160,160,160,160,160,160,160,160,160,160,160,160,160,160,160,160,160,160,160,160,160,160,160,160,160,160,160,160,160,160,160,160,160,160,160,160,160,160,160,160,160,161,162,163,160,160,160,160,160,160,160,160,160
      27   00:D961  A0 A0 A0 A0 A0 A0 A0 A0 A0 A0 A0 A0 A0 A0 A0 A0 
      27   00:D971  A0 A0 A0 A0 A0 A0 A0 A0 A0 A0 A0 A0 A0 A0 A0 A0 
      27   00:D981  A1 A2 A3 A0 A0 A0 A0 A0 A0 A0 A0 A0 A0 A0 A0 A0 
      27   00:D991  A0 A0 A0 A0 A0 A0 A0 A0 A0 A0 A0 A0 A0 A0 A0 A0 
      27   00:D9A1  A0 A0 A0 A0 A0 A0 A0 A0 A0 A0 A0 A0 A0 A0 A0 A0 
      27   00:D9B1  A0 A0 A0 A0 A0 A0 A0 A0 A0 A0 A0 A0 A0 A0 A0 A0 
      27   00:D9C1  A0 A0 A8 A9 A0 A0 A0 A0 A8 A9 A0 A0 A0 A0 A0 A0 
      27   00:D9D1  A0 A0 A0 A0 A0 A0 A0 A0 A0 A0 A0 A0 A0 A0 A0 A0 
      27   00:D9E1  A0 A0 A0 A0 A0 A0 A0 A0 A0 A0 A0 A0 A0 A0 A0 A0 
      27   00:D9F1  A0 A0 A0 A0 A0 A0 A0 A0 A0 A0 A0 A0 A0 A0 A0 A0 
      27   00:DA01  A0 A0 A0 A0 A0 A0 A0 A0 A0 A0 A0 A0 A0 A0 A0 A0 
      27   00:DA11  A0 A0 A0 A0 A0 A0 A0 A0 A0 A0 A0 A0 A1 A2 A3 A0 
      27   00:DA21  A0 A0 A0 A0 A0 A0 A0 A0 
      28   00:DA29                          db 160,160,160,160,160,160,160,160,160,160,168,169,160,160,160,160,160,160,160,160,160,160,160,160,160,160,168,169,160,160,160,160,160,160,160,160,160,160,160,160,160,160,160,160,160,160,160,160,160,160,160,160,160,160,160,160,160,160,160,160,160,160,160,160,160,160,168,169,160,160,160,160,160,160,160,160,160,160,160,160,160,160,160,160,160,160,160,160,160,160,160,160,160,160,160,160,160,160,160,160,160,160,160,160,160,160,160,160,160,160,160,160,160,160,160,160,161,162,163,160,160,160,160,160,160,160,160,165,166,167,160,160,160,160,160,160,160,160,160,160,160,160,160,160,160,160,160,160,160,160,160,160,160,160,160,160,160,160,160,160,160,160,160,160,160,160,160,160,160,160,160,160,160,160,160,160,160,168,169,160,160,160,160,161,162,163,160,160,160,160,160,160,160,160,160,160,160,160,160,160
      28   00:DA29  A0 A0 A0 A0 A0 A0 A0 A0 A0 A0 A8 A9 A0 A0 A0 A0 
      28   00:DA39  A0 A0 A0 A0 A0 A0 A0 A0 A0 A0 A8 A9 A0 A0 A0 A0 
      28   00:DA49  A0 A0 A0 A0 A0 A0 A0 A0 A0 A0 A0 A0 A0 A0 A0 A0 
      28   00:DA59  A0 A0 A0 A0 A0 A0 A0 A0 A0 A0 A0 A0 A0 A0 A0 A0 
      28   00:DA69  A0 A0 A8 A9 A0 A0 A0 A0 A0 A0 A0 A0 A0 A0 A0 A0 
      28   00:DA79  A0 A0 A0 A0 A0 A0 A0 A0 A0 A0 A0 A0 A0 A0 A0 A0 
      28   00:DA89  A0 A0 A0 A0 A0 A0 A0 A0 A0 A0 A0 A0 A0 A0 A0 A0 
      28   00:DA99  A0 A0 A0 A0 A1 A2 A3 A0 A0 A0 A0 A0 A0 A0 A0 A5 
      28   00:DAA9  A6 A7 A0 A0 A0 A0 A0 A0 A0 A0 A0 A0 A0 A0 A0 A0 
      28   00:DAB9  A0 A0 A0 A0 A0 A0 A0 A0 A0 A0 A0 A0 A0 A0 A0 A0 
      28   00:DAC9  A0 A0 A0 A0 A0 A0 A0 A0 A0 A0 A0 A0 A0 A0 A0 A0 
      28   00:DAD9  A0 A8 A9 A0 A0 A0 A0 A1 A2 A3 A0 A0 A0 A0 A0 A0 
      28   00:DAE9  A0 A0 A0 A0 A0 A0 A0 A0 
      29   00:DAF1                          db 160,160,160,160,160,160,160,160,160,160,160,160,160,160,160,160,160,160,161,162,163,160,160,160,160,160,160,160,160,160,160,160,160,160,160,160,160,160,161,162,163,160,160,160,160,160,168,169,160,160,160,160,160,160,160,160,165,166,167,160,160,160,160,160,160,160,160,160,160,160,160,160,160,160,160,160,160,160,160,161,162,163,160,160,160,160,160,160,160,160,160,160,160,160,160,160,160,160,160,160,160,160,160,160,160,160,160,160,160,168,169,160,160,160,160,160,160,160,160,160,160,160,160,160,160,160,160,160,160,160,160,160,160,160,160,160,160,160,160,160,160,160,160,160,160,160,160,160,160,160,160,165,166,167,160,160,160,160,160,168,169,160,160,160,160,160,160,160,160,160,160,160,160,160,160,160,160,160,160,160,160,160,160,160,160,160,160,160,160,160,168,169,160,160,160,160,160,160,160,160
      29   00:DAF1  A0 A0 A0 A0 A0 A0 A0 A0 A0 A0 A0 A0 A0 A0 A0 A0 
      29   00:DB01  A0 A0 A1 A2 A3 A0 A0 A0 A0 A0 A0 A0 A0 A0 A0 A0 
      29   00:DB11  A0 A0 A0 A0 A0 A0 A1 A2 A3 A0 A0 A0 A0 A0 A8 A9 
      29   00:DB21  A0 A0 A0 A0 A0 A0 A0 A0 A5 A6 A7 A0 A0 A0 A0 A0 
      29   00:DB31  A0 A0 A0 A0 A0 A0 A0 A0 A0 A0 A0 A0 A0 A0 A0 A1 
      29   00:DB41  A2 A3 A0 A0 A0 A0 A0 A0 A0 A0 A0 A0 A0 A0 A0 A0 
      29   00:DB51  A0 A0 A0 A0 A0 A0 A0 A0 A0 A0 A0 A0 A0 A8 A9 A0 
      29   00:DB61  A0 A0 A0 A0 A0 A0 A0 A0 A0 A0 A0 A0 A0 A0 A0 A0 
      29   00:DB71  A0 A0 A0 A0 A0 A0 A0 A0 A0 A0 A0 A0 A0 A0 A0 A0 
      29   00:DB81  A0 A0 A0 A0 A0 A0 A0 A5 A6 A7 A0 A0 A0 A0 A0 A8 
      29   00:DB91  A9 A0 A0 A0 A0 A0 A0 A0 A0 A0 A0 A0 A0 A0 A0 A0 
      29   00:DBA1  A0 A0 A0 A0 A0 A0 A0 A0 A0 A0 A0 A0 A0 A0 A8 A9 
      29   00:DBB1  A0 A0 A0 A0 A0 A0 A0 A0 
      30   00:DBB9                          db 160,160,160,160,160,160,160,160,160,160,160,160,160,160,160,160,160,160,160,160,160,160,160,160,160,160,160,160,160,160,160,160,160,160,160,160,160,160,160,160,160,160,160,160,160,160,160,160,160,160,160,160,160,160,160,160,160,160,160,160,160,160,160,160,160,160,160,160,160,168,169,160,160,160,160,160,160,160,160,160,160,160,160,168,169,160,160,160,160,160,160,160,165,166,167,160,160,160,160,160,160,160,160,160,160,165,166,167,160,160,160,160,160,160,160,160,168,169,160,160,160,160,160,160,160,160,160,160,160,160,160,160,160,160,160,160,165,166,167,160,160,160,160,168,169,160,160,160,160,160,160,160,160,160,160,160,160,160,160,160,160,160,160,160,160,168,169,160,160,160,160,160,160,160,160,160,160,160,160,160,160,160,160,160,160,160,160,160,160,160,160,160,160,160,160,160,160,160,160,160
      30   00:DBB9  A0 A0 A0 A0 A0 A0 A0 A0 A0 A0 A0 A0 A0 A0 A0 A0 
      30   00:DBC9  A0 A0 A0 A0 A0 A0 A0 A0 A0 A0 A0 A0 A0 A0 A0 A0 
      30   00:DBD9  A0 A0 A0 A0 A0 A0 A0 A0 A0 A0 A0 A0 A0 A0 A0 A0 
      30   00:DBE9  A0 A0 A0 A0 A0 A0 A0 A0 A0 A0 A0 A0 A0 A0 A0 A0 
      30   00:DBF9  A0 A0 A0 A0 A0 A8 A9 A0 A0 A0 A0 A0 A0 A0 A0 A0 
      30   00:DC09  A0 A0 A0 A8 A9 A0 A0 A0 A0 A0 A0 A0 A5 A6 A7 A0 
      30   00:DC19  A0 A0 A0 A0 A0 A0 A0 A0 A0 A5 A6 A7 A0 A0 A0 A0 
      30   00:DC29  A0 A0 A0 A0 A8 A9 A0 A0 A0 A0 A0 A0 A0 A0 A0 A0 
      30   00:DC39  A0 A0 A0 A0 A0 A0 A0 A0 A5 A6 A7 A0 A0 A0 A0 A8 
      30   00:DC49  A9 A0 A0 A0 A0 A0 A0 A0 A0 A0 A0 A0 A0 A0 A0 A0 
      30   00:DC59  A0 A0 A0 A0 A0 A8 A9 A0 A0 A0 A0 A0 A0 A0 A0 A0 
      30   00:DC69  A0 A0 A0 A0 A0 A0 A0 A0 A0 A0 A0 A0 A0 A0 A0 A0 
      30   00:DC79  A0 A0 A0 A0 A0 A0 A0 A0 
      31   00:DC81                          db 160,160,160,160,160,168,169,160,160,160,160,160,160,160,160,160,160,160,160,160,160,160,160,160,160,160,160,160,160,160,160,160,160,160,160,160,160,160,160,160,160,160,160,160,160,160,160,160,160,160,160,160,160,160,160,160,160,160,160,160,160,160,160,160,160,160,160,160,160,160,160,160,160,160,168,169,169,160,160,160,160,160,160,160,160,160,160,160,160,160,160,160,160,160,160,160,160,160,168,169,160,160,160,160,160,160,160,160,160,160,160,160,160,160,160,160,160,160,160,160,160,160,160,168,169,160,160,160,160,160,160,160,160,160,160,160,160,160,160,160,160,160,160,160,160,160,160,160,160,160,160,160,160,160,160,160,160,160,160,160,160,160,160,160,160,160,160,160,160,160,160,160,160,160,160,160,160,160,160,160,160,160,160,160,168,169,160,160,160,160,160,160,160,160,160,160,161,162,163,160
      31   00:DC81  A0 A0 A0 A0 A0 A8 A9 A0 A0 A0 A0 A0 A0 A0 A0 A0 
      31   00:DC91  A0 A0 A0 A0 A0 A0 A0 A0 A0 A0 A0 A0 A0 A0 A0 A0 
      31   00:DCA1  A0 A0 A0 A0 A0 A0 A0 A0 A0 A0 A0 A0 A0 A0 A0 A0 
      31   00:DCB1  A0 A0 A0 A0 A0 A0 A0 A0 A0 A0 A0 A0 A0 A0 A0 A0 
      31   00:DCC1  A0 A0 A0 A0 A0 A0 A0 A0 A0 A0 A8 A9 A9 A0 A0 A0 
      31   00:DCD1  A0 A0 A0 A0 A0 A0 A0 A0 A0 A0 A0 A0 A0 A0 A0 A0 
      31   00:DCE1  A0 A0 A8 A9 A0 A0 A0 A0 A0 A0 A0 A0 A0 A0 A0 A0 
      31   00:DCF1  A0 A0 A0 A0 A0 A0 A0 A0 A0 A0 A0 A8 A9 A0 A0 A0 
      31   00:DD01  A0 A0 A0 A0 A0 A0 A0 A0 A0 A0 A0 A0 A0 A0 A0 A0 
      31   00:DD11  A0 A0 A0 A0 A0 A0 A0 A0 A0 A0 A0 A0 A0 A0 A0 A0 
      31   00:DD21  A0 A0 A0 A0 A0 A0 A0 A0 A0 A0 A0 A0 A0 A0 A0 A0 
      31   00:DD31  A0 A0 A0 A0 A0 A0 A0 A0 A8 A9 A0 A0 A0 A0 A0 A0 
      31   00:DD41  A0 A0 A0 A0 A1 A2 A3 A0 
      32   00:DD49                          db 160,160,160,160,160,160,160,160,160,160,161,162,163,160,160,160,160,160,160,160,160,168,169,169,160,160,160,160,160,160,161,162,163,160,160,160,160,160,160,160,160,160,160,160,160,160,160,160,161,162,163,160,160,160,168,169,160,160,160,160,160,160,165,166,167,160,160,160,160,160,160,160,160,160,160,160,160,160,160,160,160,160,160,160,160,160,160,160,160,160,160,160,160,160,168,169,160,160,160,160,160,165,166,167,160,160,160,160,160,160,160,165,166,167,160,160,160,160,168,169,160,160,160,160,160,160,160,160,160,160,168,169,160,160,160,160,160,160,161,162,163,160,160,160,160,160,160,160,160,160,160,160,160,160,165,166,167,160,160,160,160,160,160,160,160,160,160,161,162,163,160,160,160,165,166,167,160,160,160,160,160,160,160,160,160,160,160,160,160,160,160,160,160,160,160,160,160,160,160,160
      32   00:DD49  A0 A0 A0 A0 A0 A0 A0 A0 A0 A0 A1 A2 A3 A0 A0 A0 
      32   00:DD59  A0 A0 A0 A0 A0 A8 A9 A9 A0 A0 A0 A0 A0 A0 A1 A2 
      32   00:DD69  A3 A0 A0 A0 A0 A0 A0 A0 A0 A0 A0 A0 A0 A0 A0 A0 
      32   00:DD79  A1 A2 A3 A0 A0 A0 A8 A9 A0 A0 A0 A0 A0 A0 A5 A6 
      32   00:DD89  A7 A0 A0 A0 A0 A0 A0 A0 A0 A0 A0 A0 A0 A0 A0 A0 
      32   00:DD99  A0 A0 A0 A0 A0 A0 A0 A0 A0 A0 A0 A0 A0 A0 A8 A9 
      32   00:DDA9  A0 A0 A0 A0 A0 A5 A6 A7 A0 A0 A0 A0 A0 A0 A0 A5 
      32   00:DDB9  A6 A7 A0 A0 A0 A0 A8 A9 A0 A0 A0 A0 A0 A0 A0 A0 
      32   00:DDC9  A0 A0 A8 A9 A0 A0 A0 A0 A0 A0 A1 A2 A3 A0 A0 A0 
      32   00:DDD9  A0 A0 A0 A0 A0 A0 A0 A0 A0 A0 A5 A6 A7 A0 A0 A0 
      32   00:DDE9  A0 A0 A0 A0 A0 A0 A0 A1 A2 A3 A0 A0 A0 A5 A6 A7 
      32   00:DDF9  A0 A0 A0 A0 A0 A0 A0 A0 A0 A0 A0 A0 A0 A0 A0 A0 
      32   00:DE09  A0 A0 A0 A0 A0 A0 A0 A0 
      33   00:DE11                          db 160,160,160,160,160,160,160,160,160,160,160,160,160,160,160,160,160,160,160,160,160,160,160,160,160,160,160,160,160,160,160,160,160,160,160,160,160,160,168,169,160,160,160,160,160,160,160,160,160,160,160,160,160,160,160,160,160,160,160,160,160,160,160,160,160,160,161,162,163,160,160,160,160,160,160,160,165,166,167,160,160,160,160,160,160,160,161,162,163,160,160,160,160,160,160,160,160,160,160,160,160,160,160,160,160,160,160,160,160,160,160,160,160,160,160,160,160,160,160,160,160,160,160,161,162,163,160,160,160,160,160,160,160,160,160,160,160,160,160,160,160,160,160,160,168,169,160,160,160,165,166,167,160,160,160,165,166,167,160,160,160,160,160,160,160,160,160,160,160,160,160,160,160,160,160,160,160,160,160,160,160,160,160,160,160,160,160,160,160,160,161,162,163,160,160,160,160,160,160,160
      33   00:DE11  A0 A0 A0 A0 A0 A0 A0 A0 A0 A0 A0 A0 A0 A0 A0 A0 
      33   00:DE21  A0 A0 A0 A0 A0 A0 A0 A0 A0 A0 A0 A0 A0 A0 A0 A0 
      33   00:DE31  A0 A0 A0 A0 A0 A0 A8 A9 A0 A0 A0 A0 A0 A0 A0 A0 
      33   00:DE41  A0 A0 A0 A0 A0 A0 A0 A0 A0 A0 A0 A0 A0 A0 A0 A0 
      33   00:DE51  A0 A0 A1 A2 A3 A0 A0 A0 A0 A0 A0 A0 A5 A6 A7 A0 
      33   00:DE61  A0 A0 A0 A0 A0 A0 A1 A2 A3 A0 A0 A0 A0 A0 A0 A0 
      33   00:DE71  A0 A0 A0 A0 A0 A0 A0 A0 A0 A0 A0 A0 A0 A0 A0 A0 
      33   00:DE81  A0 A0 A0 A0 A0 A0 A0 A0 A0 A0 A0 A1 A2 A3 A0 A0 
      33   00:DE91  A0 A0 A0 A0 A0 A0 A0 A0 A0 A0 A0 A0 A0 A0 A0 A0 
      33   00:DEA1  A8 A9 A0 A0 A0 A5 A6 A7 A0 A0 A0 A5 A6 A7 A0 A0 
      33   00:DEB1  A0 A0 A0 A0 A0 A0 A0 A0 A0 A0 A0 A0 A0 A0 A0 A0 
      33   00:DEC1  A0 A0 A0 A0 A0 A0 A0 A0 A0 A0 A0 A0 A0 A0 A1 A2 
      33   00:DED1  A3 A0 A0 A0 A0 A0 A0 A0 
      34   00:DED9                          db 160,160,160,160,161,162,163,160,160,160,160,160,160,160,160,168,169,160,160,160,160,160,160,161,162,163,160,160,160,160,160,160,160,160,160,168,169,160,160,160,165,166,167,160,160,160,160,160,160,160,161,162,163,160,160,165,166,167,160,160,160,160,160,160,160,160,160,160,160,160,160,160,165,166,167,160,160,160,160,160,160,160,160,160,160,160,160,160,160,160,160,160,160,160,160,160,160,160,160,160,160,160,160,160,160,168,169,160,160,160,160,160,160,160,165,166,167,160,160,160,160,160,160,160,160,160,160,160,160,160,160,160,160,160,165,166,167,160,160,160,160,160,160,160,160,160,160,160,160,160,160,160,160,160,160,160,160,160,160,160,160,160,160,160,160,160,160,160,160,160,160,160,160,160,160,160,160,160,160,161,162,163,160,160,160,160,160,160,160,160,160,160,160,160,160,160,160,160,160,160
      34   00:DED9  A0 A0 A0 A0 A1 A2 A3 A0 A0 A0 A0 A0 A0 A0 A0 A8 
      34   00:DEE9  A9 A0 A0 A0 A0 A0 A0 A1 A2 A3 A0 A0 A0 A0 A0 A0 
      34   00:DEF9  A0 A0 A0 A8 A9 A0 A0 A0 A5 A6 A7 A0 A0 A0 A0 A0 
      34   00:DF09  A0 A0 A1 A2 A3 A0 A0 A5 A6 A7 A0 A0 A0 A0 A0 A0 
      34   00:DF19  A0 A0 A0 A0 A0 A0 A0 A0 A5 A6 A7 A0 A0 A0 A0 A0 
      34   00:DF29  A0 A0 A0 A0 A0 A0 A0 A0 A0 A0 A0 A0 A0 A0 A0 A0 
      34   00:DF39  A0 A0 A0 A0 A0 A0 A0 A0 A0 A8 A9 A0 A0 A0 A0 A0 
      34   00:DF49  A0 A0 A5 A6 A7 A0 A0 A0 A0 A0 A0 A0 A0 A0 A0 A0 
      34   00:DF59  A0 A0 A0 A0 A0 A0 A5 A6 A7 A0 A0 A0 A0 A0 A0 A0 
      34   00:DF69  A0 A0 A0 A0 A0 A0 A0 A0 A0 A0 A0 A0 A0 A0 A0 A0 
      34   00:DF79  A0 A0 A0 A0 A0 A0 A0 A0 A0 A0 A0 A0 A0 A0 A0 A0 
      34   00:DF89  A0 A0 A0 A1 A2 A3 A0 A0 A0 A0 A0 A0 A0 A0 A0 A0 
      34   00:DF99  A0 A0 A0 A0 A0 A0 A0 A0 
      35   00:DFA1                          db 160,160,160,160,160,160,160,160,160,160,160,160,160,160,160,160,160,160,160,160,160,195,196,197,160,160,160,160,160,160,168,169,160,160,160,160,160,160,160,160,160,160,160,160,195,196,197,160,160,160,160,160,160,160,160,160,160,160,160,160,165,166,167,160,160,160,160,160,160,160,160,160,160,160,160,160,160,160,160,160,160,160,160,160,160,160,160,160,160,160,165,166,167,160,160,160,160,160,160,161,162,163,160,160,160,160,160,160,160,160,160,160,160,160,160,160,160,160,160,160,160,160,160,160,160,160,160,160,160,160,165,166,167,160,160,160,160,160,160,160,160,160,160,160,160,160,160,161,162,163,160,160,160,160,160,160,160,160,160,160,160,165,166,167,160,160,160,165,166,167,160,160,160,160,160,160,160,160,160,160,160,160,160,160,160,160,160,165,166,167,160,160,160,160,160,160,160,160,160,160
      35   00:DFA1  A0 A0 A0 A0 A0 A0 A0 A0 A0 A0 A0 A0 A0 A0 A0 A0 
      35   00:DFB1  A0 A0 A0 A0 A0 C3 C4 C5 A0 A0 A0 A0 A0 A0 A8 A9 
      35   00:DFC1  A0 A0 A0 A0 A0 A0 A0 A0 A0 A0 A0 A0 C3 C4 C5 A0 
      35   00:DFD1  A0 A0 A0 A0 A0 A0 A0 A0 A0 A0 A0 A0 A5 A6 A7 A0 
      35   00:DFE1  A0 A0 A0 A0 A0 A0 A0 A0 A0 A0 A0 A0 A0 A0 A0 A0 
      35   00:DFF1  A0 A0 A0 A0 A0 A0 A0 A0 A0 A0 A5 A6 A7 A0 A0 A0 
      35   00:E001  A0 A0 A0 A1 A2 A3 A0 A0 A0 A0 A0 A0 A0 A0 A0 A0 
      35   00:E011  A0 A0 A0 A0 A0 A0 A0 A0 A0 A0 A0 A0 A0 A0 A0 A0 
      35   00:E021  A0 A0 A5 A6 A7 A0 A0 A0 A0 A0 A0 A0 A0 A0 A0 A0 
      35   00:E031  A0 A0 A0 A1 A2 A3 A0 A0 A0 A0 A0 A0 A0 A0 A0 A0 
      35   00:E041  A0 A5 A6 A7 A0 A0 A0 A5 A6 A7 A0 A0 A0 A0 A0 A0 
      35   00:E051  A0 A0 A0 A0 A0 A0 A0 A0 A0 A0 A0 A5 A6 A7 A0 A0 
      35   00:E061  A0 A0 A0 A0 A0 A0 A0 A0 
      36   00:E069                          db 160,160,160,160,160,160,160,160,160,160,160,160,160,160,160,160,160,160,160,160,160,227,228,229,160,160,160,160,160,160,160,160,160,160,198,199,160,160,160,160,160,160,160,160,227,228,229,160,160,160,160,160,160,160,160,160,160,160,160,160,160,160,160,160,160,160,160,160,198,199,160,160,160,160,160,160,160,160,160,160,160,235,236,237,160,160,160,160,160,206,207,160,160,160,160,160,160,160,160,160,160,160,160,160,160,160,160,160,160,160,160,160,160,160,160,160,160,160,160,160,160,160,160,160,160,160,160,160,160,160,160,160,160,160,160,160,160,160,160,160,160,160,160,160,160,160,160,160,160,160,160,160,160,160,160,160,160,160,160,160,160,160,160,160,160,160,160,160,160,160,160,160,160,160,160,160,160,160,160,160,160,160,160,160,160,160,160,160,160,160,160,160,160,160,160,160,160,160,160,160
      36   00:E069  A0 A0 A0 A0 A0 A0 A0 A0 A0 A0 A0 A0 A0 A0 A0 A0 
      36   00:E079  A0 A0 A0 A0 A0 E3 E4 E5 A0 A0 A0 A0 A0 A0 A0 A0 
      36   00:E089  A0 A0 C6 C7 A0 A0 A0 A0 A0 A0 A0 A0 E3 E4 E5 A0 
      36   00:E099  A0 A0 A0 A0 A0 A0 A0 A0 A0 A0 A0 A0 A0 A0 A0 A0 
      36   00:E0A9  A0 A0 A0 A0 C6 C7 A0 A0 A0 A0 A0 A0 A0 A0 A0 A0 
      36   00:E0B9  A0 EB EC ED A0 A0 A0 A0 A0 CE CF A0 A0 A0 A0 A0 
      36   00:E0C9  A0 A0 A0 A0 A0 A0 A0 A0 A0 A0 A0 A0 A0 A0 A0 A0 
      36   00:E0D9  A0 A0 A0 A0 A0 A0 A0 A0 A0 A0 A0 A0 A0 A0 A0 A0 
      36   00:E0E9  A0 A0 A0 A0 A0 A0 A0 A0 A0 A0 A0 A0 A0 A0 A0 A0 
      36   00:E0F9  A0 A0 A0 A0 A0 A0 A0 A0 A0 A0 A0 A0 A0 A0 A0 A0 
      36   00:E109  A0 A0 A0 A0 A0 A0 A0 A0 A0 A0 A0 A0 A0 A0 A0 A0 
      36   00:E119  A0 A0 A0 A0 A0 A0 A0 A0 A0 A0 A0 A0 A0 A0 A0 A0 
      36   00:E129  A0 A0 A0 A0 A0 A0 A0 A0 
      37   00:E131                          db 192,193,194,192,193,194,192,193,194,192,193,194,192,193,194,192,193,194,192,193,194,192,193,194,192,193,194,192,193,194,192,192,193,192,192,193,192,192,192,193,192,193,192,192,193,192,192,193,194,192,192,192,193,194,192,193,194,192,193,194,192,192,193,194,192,193,194,192,193,194,193,194,192,192,193,192,193,194,192,193,194,192,192,193,194,192,193,194,192,193,194,192,193,192,193,192,193,192,193,192,193,194,192,193,192,193,194,192,193,194,192,192,193,192,193,194,192,193,192,192,192,192,192,192,193,192,193,194,192,193,194,192,192,192,192,192,193,194,192,193,194,192,193,192,193,192,193,192,193,194,192,192,192,192,192,193,192,193,192,192,192,192,192,192,193,194,192,192,193,192,192,193,192,193,192,193,192,192,193,192,193,192,192,193,192,192,193,192,193,194,192,192,192,193,192,192,192,193,194,192
      37   00:E131  C0 C1 C2 C0 C1 C2 C0 C1 C2 C0 C1 C2 C0 C1 C2 C0 
      37   00:E141  C1 C2 C0 C1 C2 C0 C1 C2 C0 C1 C2 C0 C1 C2 C0 C0 
      37   00:E151  C1 C0 C0 C1 C0 C0 C0 C1 C0 C1 C0 C0 C1 C0 C0 C1 
      37   00:E161  C2 C0 C0 C0 C1 C2 C0 C1 C2 C0 C1 C2 C0 C0 C1 C2 
      37   00:E171  C0 C1 C2 C0 C1 C2 C1 C2 C0 C0 C1 C0 C1 C2 C0 C1 
      37   00:E181  C2 C0 C0 C1 C2 C0 C1 C2 C0 C1 C2 C0 C1 C0 C1 C0 
      37   00:E191  C1 C0 C1 C0 C1 C2 C0 C1 C0 C1 C2 C0 C1 C2 C0 C0 
      37   00:E1A1  C1 C0 C1 C2 C0 C1 C0 C0 C0 C0 C0 C0 C1 C0 C1 C2 
      37   00:E1B1  C0 C1 C2 C0 C0 C0 C0 C0 C1 C2 C0 C1 C2 C0 C1 C0 
      37   00:E1C1  C1 C0 C1 C0 C1 C2 C0 C0 C0 C0 C0 C1 C0 C1 C0 C0 
      37   00:E1D1  C0 C0 C0 C0 C1 C2 C0 C0 C1 C0 C0 C1 C0 C1 C0 C1 
      37   00:E1E1  C0 C0 C1 C0 C1 C0 C0 C1 C0 C0 C1 C0 C1 C2 C0 C0 
      37   00:E1F1  C0 C1 C0 C0 C0 C1 C2 C0 
      38   00:E1F9                      
      39   00:E1F9                      FINAL:

    LABELS
-------------------------------------------------
00:0000D000   INICIO
00:0000D001 X level0
00:0000E1F9   FINAL


 Output: world0.out
-------------------------------------------------

 Page: 00
  Org: 0000D000  Size: *  Used: 00000000

    No output

 Output: world0.bin
-------------------------------------------------

 Page: 00
  Org: 0000D000  Size: *  Used: 00001200

   Address   Length Align   Label
   0000D000    4608         INICIO
